{"/Users/tima12/Documents/projects/DRM/apps/api/src/auth/auth.controller.ts": {"path":"/Users/tima12/Documents/projects/DRM/apps/api/src/auth/auth.controller.ts","statementMap":{"0":{"start":{"line":1,"column":0},"end":{"line":1,"column":56}},"1":{"start":{"line":2,"column":0},"end":{"line":2,"column":56}},"2":{"start":{"line":3,"column":0},"end":{"line":3,"column":45}},"3":{"start":{"line":4,"column":0},"end":{"line":4,"column":43}},"4":{"start":{"line":8,"column":7},"end":{"line":16,"column":null}},"5":{"start":{"line":9,"column":31},"end":{"line":9,"column":44}},"6":{"start":{"line":14,"column":4},"end":{"line":14,"column":59}},"7":{"start":{"line":8,"column":13},"end":{"line":8,"column":27}},"8":{"start":{"line":13,"column":8},"end":{"line":15,"column":null}},"9":{"start":{"line":8,"column":13},"end":{"line":16,"column":null}}},"fnMap":{"0":{"name":"(anonymous_4)","decl":{"start":{"line":9,"column":2},"end":{"line":9,"column":31}},"loc":{"start":{"line":9,"column":55},"end":{"line":9,"column":59}}},"1":{"name":"(anonymous_5)","decl":{"start":{"line":13,"column":2},"end":{"line":13,"column":7}},"loc":{"start":{"line":13,"column":35},"end":{"line":15,"column":3}}}},"branchMap":{},"s":{"0":0,"1":0,"2":0,"3":0,"4":0,"5":0,"6":0,"7":0,"8":0,"9":0},"f":{"0":0,"1":0},"b":{}}
,"/Users/tima12/Documents/projects/DRM/apps/api/src/auth/auth.service.ts": {"path":"/Users/tima12/Documents/projects/DRM/apps/api/src/auth/auth.service.ts","statementMap":{"0":{"start":{"line":1,"column":0},"end":{"line":1,"column":67}},"1":{"start":{"line":2,"column":0},"end":{"line":2,"column":41}},"2":{"start":{"line":3,"column":0},"end":{"line":3,"column":33}},"3":{"start":{"line":4,"column":0},"end":{"line":4,"column":57}},"4":{"start":{"line":7,"column":7},"end":{"line":29,"column":null}},"5":{"start":{"line":9,"column":12},"end":{"line":9,"column":20}},"6":{"start":{"line":10,"column":12},"end":{"line":10,"column":24}},"7":{"start":{"line":14,"column":17},"end":{"line":14,"column":72}},"8":{"start":{"line":15,"column":4},"end":{"line":17,"column":5}},"9":{"start":{"line":16,"column":6},"end":{"line":16,"column":61}},"10":{"start":{"line":18,"column":4},"end":{"line":20,"column":6}},"11":{"start":{"line":24,"column":4},"end":{"line":27,"column":7}},"12":{"start":{"line":7,"column":13},"end":{"line":7,"column":24}},"13":{"start":{"line":7,"column":13},"end":{"line":29,"column":null}}},"fnMap":{"0":{"name":"(anonymous_2)","decl":{"start":{"line":8,"column":2},"end":{"line":8,"column":null}},"loc":{"start":{"line":10,"column":34},"end":{"line":11,"column":6}}},"1":{"name":"(anonymous_3)","decl":{"start":{"line":13,"column":2},"end":{"line":13,"column":7}},"loc":{"start":{"line":13,"column":45},"end":{"line":21,"column":3}}},"2":{"name":"(anonymous_4)","decl":{"start":{"line":23,"column":2},"end":{"line":23,"column":7}},"loc":{"start":{"line":23,"column":45},"end":{"line":28,"column":3}}}},"branchMap":{"0":{"loc":{"start":{"line":15,"column":4},"end":{"line":17,"column":5}},"type":"if","locations":[{"start":{"line":15,"column":4},"end":{"line":17,"column":5}}]},"1":{"loc":{"start":{"line":15,"column":8},"end":{"line":15,"column":69}},"type":"binary-expr","locations":[{"start":{"line":15,"column":8},"end":{"line":15,"column":13}},{"start":{"line":15,"column":17},"end":{"line":15,"column":69}}]}},"s":{"0":1,"1":1,"2":1,"3":1,"4":1,"5":6,"6":6,"7":4,"8":4,"9":3,"10":1,"11":2,"12":1,"13":1},"f":{"0":6,"1":4,"2":2},"b":{"0":[3],"1":[4,2]}}
,"/Users/tima12/Documents/projects/DRM/apps/api/src/auth/jwt-auth.guard.ts": {"path":"/Users/tima12/Documents/projects/DRM/apps/api/src/auth/jwt-auth.guard.ts","statementMap":{"0":{"start":{"line":1,"column":0},"end":{"line":1,"column":44}},"1":{"start":{"line":2,"column":0},"end":{"line":2,"column":45}},"2":{"start":{"line":5,"column":7},"end":{"line":5,"column":null}},"3":{"start":{"line":5,"column":13},"end":{"line":5,"column":25}},"4":{"start":{"line":5,"column":13},"end":{"line":5,"column":null}}},"fnMap":{},"branchMap":{},"s":{"0":0,"1":0,"2":0,"3":0,"4":0},"f":{},"b":{}}
,"/Users/tima12/Documents/projects/DRM/apps/api/src/auth/jwt.strategy.ts": {"path":"/Users/tima12/Documents/projects/DRM/apps/api/src/auth/jwt.strategy.ts","statementMap":{"0":{"start":{"line":1,"column":0},"end":{"line":1,"column":67}},"1":{"start":{"line":2,"column":0},"end":{"line":2,"column":52}},"2":{"start":{"line":3,"column":0},"end":{"line":3,"column":52}},"3":{"start":{"line":4,"column":0},"end":{"line":4,"column":47}},"4":{"start":{"line":5,"column":0},"end":{"line":5,"column":45}},"5":{"start":{"line":8,"column":7},"end":{"line":25,"column":null}},"6":{"start":{"line":13,"column":4},"end":{"line":17,"column":7}},"7":{"start":{"line":10,"column":12},"end":{"line":10,"column":20}},"8":{"start":{"line":11,"column":12},"end":{"line":11,"column":25}},"9":{"start":{"line":21,"column":17},"end":{"line":21,"column":61}},"10":{"start":{"line":22,"column":4},"end":{"line":22,"column":49}},"11":{"start":{"line":22,"column":15},"end":{"line":22,"column":49}},"12":{"start":{"line":23,"column":4},"end":{"line":23,"column":16}},"13":{"start":{"line":8,"column":13},"end":{"line":8,"column":24}},"14":{"start":{"line":8,"column":13},"end":{"line":25,"column":null}}},"fnMap":{"0":{"name":"(anonymous_2)","decl":{"start":{"line":9,"column":2},"end":{"line":9,"column":null}},"loc":{"start":{"line":11,"column":36},"end":{"line":18,"column":3}}},"1":{"name":"(anonymous_3)","decl":{"start":{"line":20,"column":2},"end":{"line":20,"column":7}},"loc":{"start":{"line":20,"column":41},"end":{"line":24,"column":3}}}},"branchMap":{"0":{"loc":{"start":{"line":16,"column":19},"end":{"line":16,"column":81}},"type":"binary-expr","locations":[{"start":{"line":16,"column":19},"end":{"line":16,"column":51}},{"start":{"line":16,"column":55},"end":{"line":16,"column":81}}]},"1":{"loc":{"start":{"line":22,"column":4},"end":{"line":22,"column":49}},"type":"if","locations":[{"start":{"line":22,"column":4},"end":{"line":22,"column":49}}]}},"s":{"0":0,"1":0,"2":0,"3":0,"4":0,"5":0,"6":0,"7":0,"8":0,"9":0,"10":0,"11":0,"12":0,"13":0,"14":0},"f":{"0":0,"1":0},"b":{"0":[0,0],"1":[0]}}
,"/Users/tima12/Documents/projects/DRM/apps/api/src/auth/dto/login.dto.ts": {"path":"/Users/tima12/Documents/projects/DRM/apps/api/src/auth/dto/login.dto.ts","statementMap":{"0":{"start":{"line":1,"column":0},"end":{"line":1,"column":46}},"1":{"start":{"line":2,"column":0},"end":{"line":2,"column":63}},"2":{"start":{"line":4,"column":0},"end":{"line":4,"column":13}},"3":{"start":{"line":7,"column":2},"end":{"line":7,"column":null}},"4":{"start":{"line":12,"column":2},"end":{"line":12,"column":null}}},"fnMap":{},"branchMap":{},"s":{"0":0,"1":0,"2":0,"3":0,"4":0},"f":{},"b":{}}
,"/Users/tima12/Documents/projects/DRM/apps/api/src/auth/dto/register.dto.ts": {"path":"/Users/tima12/Documents/projects/DRM/apps/api/src/auth/dto/register.dto.ts","statementMap":{"0":{"start":{"line":1,"column":0},"end":{"line":1,"column":46}},"1":{"start":{"line":2,"column":0},"end":{"line":2,"column":63}},"2":{"start":{"line":4,"column":0},"end":{"line":4,"column":13}},"3":{"start":{"line":7,"column":2},"end":{"line":7,"column":null}},"4":{"start":{"line":11,"column":2},"end":{"line":11,"column":null}},"5":{"start":{"line":16,"column":2},"end":{"line":16,"column":null}}},"fnMap":{},"branchMap":{},"s":{"0":0,"1":0,"2":0,"3":0,"4":0,"5":0},"f":{},"b":{}}
,"/Users/tima12/Documents/projects/DRM/apps/api/src/bookings/bookings.controller.ts": {"path":"/Users/tima12/Documents/projects/DRM/apps/api/src/bookings/bookings.controller.ts","statementMap":{"0":{"start":{"line":1,"column":0},"end":{"line":1,"column":91}},"1":{"start":{"line":2,"column":0},"end":{"line":2,"column":57}},"2":{"start":{"line":3,"column":0},"end":{"line":3,"column":54}},"3":{"start":{"line":4,"column":0},"end":{"line":4,"column":81}},"4":{"start":{"line":5,"column":0},"end":{"line":5,"column":81}},"5":{"start":{"line":6,"column":0},"end":{"line":6,"column":84}},"6":{"start":{"line":7,"column":0},"end":{"line":7,"column":53}},"7":{"start":{"line":8,"column":0},"end":{"line":8,"column":60}},"8":{"start":{"line":9,"column":0},"end":{"line":9,"column":73}},"9":{"start":{"line":13,"column":7},"end":{"line":39,"column":null}},"10":{"start":{"line":14,"column":31},"end":{"line":14,"column":48}},"11":{"start":{"line":19,"column":4},"end":{"line":19,"column":75}},"12":{"start":{"line":26,"column":4},"end":{"line":26,"column":62}},"13":{"start":{"line":37,"column":4},"end":{"line":37,"column":76}},"14":{"start":{"line":13,"column":13},"end":{"line":13,"column":31}},"15":{"start":{"line":18,"column":2},"end":{"line":20,"column":null}},"16":{"start":{"line":25,"column":2},"end":{"line":27,"column":null}},"17":{"start":{"line":32,"column":2},"end":{"line":38,"column":null}},"18":{"start":{"line":13,"column":13},"end":{"line":39,"column":null}}},"fnMap":{"0":{"name":"(anonymous_4)","decl":{"start":{"line":14,"column":2},"end":{"line":14,"column":31}},"loc":{"start":{"line":14,"column":63},"end":{"line":14,"column":67}}},"1":{"name":"(anonymous_5)","decl":{"start":{"line":18,"column":2},"end":{"line":18,"column":14}},"loc":{"start":{"line":18,"column":73},"end":{"line":20,"column":3}}},"2":{"name":"(anonymous_6)","decl":{"start":{"line":25,"column":2},"end":{"line":25,"column":9}},"loc":{"start":{"line":25,"column":51},"end":{"line":27,"column":3}}},"3":{"name":"(anonymous_7)","decl":{"start":{"line":32,"column":2},"end":{"line":32,"column":14}},"loc":{"start":{"line":35,"column":40},"end":{"line":38,"column":3}}}},"branchMap":{},"s":{"0":0,"1":0,"2":0,"3":0,"4":0,"5":0,"6":0,"7":0,"8":0,"9":0,"10":0,"11":0,"12":0,"13":0,"14":0,"15":0,"16":0,"17":0,"18":0},"f":{"0":0,"1":0,"2":0,"3":0},"b":{}}
,"/Users/tima12/Documents/projects/DRM/apps/api/src/bookings/bookings.service.ts": {"path":"/Users/tima12/Documents/projects/DRM/apps/api/src/bookings/bookings.service.ts","statementMap":{"0":{"start":{"line":1,"column":0},"end":{"line":1,"column":44}},"1":{"start":{"line":2,"column":0},"end":{"line":2,"column":57}},"2":{"start":{"line":3,"column":0},"end":{"line":3,"column":63}},"3":{"start":{"line":8,"column":7},"end":{"line":136,"column":null}},"4":{"start":{"line":10,"column":12},"end":{"line":10,"column":20}},"5":{"start":{"line":11,"column":12},"end":{"line":11,"column":22}},"6":{"start":{"line":15,"column":4},"end":{"line":25,"column":5}},"7":{"start":{"line":15,"column":17},"end":{"line":15,"column":18}},"8":{"start":{"line":17,"column":8},"end":{"line":18,"column":64}},"9":{"start":{"line":19,"column":21},"end":{"line":23,"column":8}},"10":{"start":{"line":24,"column":6},"end":{"line":24,"column":30}},"11":{"start":{"line":24,"column":19},"end":{"line":24,"column":30}},"12":{"start":{"line":26,"column":4},"end":{"line":26,"column":55}},"13":{"start":{"line":35,"column":60},"end":{"line":35,"column":66}},"14":{"start":{"line":36,"column":28},"end":{"line":36,"column":30}},"15":{"start":{"line":37,"column":4},"end":{"line":37,"column":46}},"16":{"start":{"line":38,"column":4},"end":{"line":38,"column":46}},"17":{"start":{"line":39,"column":4},"end":{"line":39,"column":61}},"18":{"start":{"line":40,"column":4},"end":{"line":40,"column":42}},"19":{"start":{"line":41,"column":4},"end":{"line":41,"column":40}},"20":{"start":{"line":42,"column":4},"end":{"line":42,"column":53}},"21":{"start":{"line":42,"column":19},"end":{"line":42,"column":53}},"22":{"start":{"line":43,"column":4},"end":{"line":43,"column":99}},"23":{"start":{"line":43,"column":25},"end":{"line":43,"column":99}},"24":{"start":{"line":44,"column":4},"end":{"line":44,"column":48}},"25":{"start":{"line":45,"column":4},"end":{"line":45,"column":63}},"26":{"start":{"line":45,"column":21},"end":{"line":45,"column":63}},"27":{"start":{"line":46,"column":4},"end":{"line":56,"column":5}},"28":{"start":{"line":47,"column":6},"end":{"line":47,"column":21}},"29":{"start":{"line":48,"column":6},"end":{"line":48,"column":29}},"30":{"start":{"line":49,"column":16},"end":{"line":49,"column":17}},"31":{"start":{"line":50,"column":6},"end":{"line":54,"column":7}},"32":{"start":{"line":51,"column":24},"end":{"line":51,"column":48}},"33":{"start":{"line":52,"column":8},"end":{"line":52,"column":23}},"34":{"start":{"line":53,"column":8},"end":{"line":53,"column":63}},"35":{"start":{"line":55,"column":6},"end":{"line":55,"column":34}},"36":{"start":{"line":57,"column":4},"end":{"line":57,"column":28}},"37":{"start":{"line":61,"column":23},"end":{"line":63,"column":6}},"38":{"start":{"line":64,"column":4},"end":{"line":64,"column":59}},"39":{"start":{"line":64,"column":21},"end":{"line":64,"column":59}},"40":{"start":{"line":66,"column":24},"end":{"line":66,"column":64}},"41":{"start":{"line":67,"column":24},"end":{"line":67,"column":74}},"42":{"start":{"line":68,"column":57},"end":{"line":70,"column":17}},"43":{"start":{"line":69,"column":40},"end":{"line":69,"column":48}},"44":{"start":{"line":72,"column":24},"end":{"line":77,"column":6}},"45":{"start":{"line":79,"column":20},"end":{"line":92,"column":6}},"46":{"start":{"line":94,"column":21},"end":{"line":96,"column":6}},"47":{"start":{"line":98,"column":17},"end":{"line":106,"column":5}},"48":{"start":{"line":99,"column":6},"end":{"line":99,"column":34}},"49":{"start":{"line":99,"column":27},"end":{"line":99,"column":34}},"50":{"start":{"line":100,"column":6},"end":{"line":105,"column":7}},"51":{"start":{"line":101,"column":8},"end":{"line":101,"column":68}},"52":{"start":{"line":103,"column":20},"end":{"line":103,"column":62}},"53":{"start":{"line":104,"column":8},"end":{"line":104,"column":85}},"54":{"start":{"line":108,"column":4},"end":{"line":108,"column":46}},"55":{"start":{"line":109,"column":4},"end":{"line":109,"column":46}},"56":{"start":{"line":111,"column":4},"end":{"line":115,"column":6}},"57":{"start":{"line":119,"column":4},"end":{"line":123,"column":7}},"58":{"start":{"line":131,"column":4},"end":{"line":134,"column":7}},"59":{"start":{"line":8,"column":13},"end":{"line":8,"column":28}},"60":{"start":{"line":8,"column":13},"end":{"line":136,"column":null}}},"fnMap":{"0":{"name":"(anonymous_2)","decl":{"start":{"line":9,"column":2},"end":{"line":9,"column":null}},"loc":{"start":{"line":11,"column":37},"end":{"line":12,"column":6}}},"1":{"name":"(anonymous_3)","decl":{"start":{"line":14,"column":10},"end":{"line":14,"column":15}},"loc":{"start":{"line":14,"column":52},"end":{"line":27,"column":3}}},"2":{"name":"(anonymous_4)","decl":{"start":{"line":29,"column":10},"end":{"line":29,"column":23}},"loc":{"start":{"line":34,"column":3},"end":{"line":58,"column":3}}},"3":{"name":"(anonymous_5)","decl":{"start":{"line":60,"column":2},"end":{"line":60,"column":7}},"loc":{"start":{"line":60,"column":64},"end":{"line":116,"column":3}}},"4":{"name":"(anonymous_6)","decl":{"start":{"line":69,"column":32},"end":{"line":69,"column":33}},"loc":{"start":{"line":69,"column":40},"end":{"line":69,"column":48}}},"5":{"name":"(anonymous_7)","decl":{"start":{"line":98,"column":17},"end":{"line":98,"column":22}},"loc":{"start":{"line":98,"column":61},"end":{"line":106,"column":5}}},"6":{"name":"(anonymous_8)","decl":{"start":{"line":118,"column":2},"end":{"line":118,"column":7}},"loc":{"start":{"line":118,"column":44},"end":{"line":124,"column":3}}},"7":{"name":"(anonymous_9)","decl":{"start":{"line":126,"column":2},"end":{"line":126,"column":7}},"loc":{"start":{"line":129,"column":49},"end":{"line":135,"column":3}}}},"branchMap":{"0":{"loc":{"start":{"line":24,"column":6},"end":{"line":24,"column":30}},"type":"if","locations":[{"start":{"line":24,"column":6},"end":{"line":24,"column":30}}]},"1":{"loc":{"start":{"line":42,"column":4},"end":{"line":42,"column":53}},"type":"if","locations":[{"start":{"line":42,"column":4},"end":{"line":42,"column":53}}]},"2":{"loc":{"start":{"line":43,"column":4},"end":{"line":43,"column":99}},"type":"if","locations":[{"start":{"line":43,"column":4},"end":{"line":43,"column":99}}]},"3":{"loc":{"start":{"line":44,"column":26},"end":{"line":44,"column":44}},"type":"binary-expr","locations":[{"start":{"line":44,"column":26},"end":{"line":44,"column":39}},{"start":{"line":44,"column":43},"end":{"line":44,"column":44}}]},"4":{"loc":{"start":{"line":45,"column":4},"end":{"line":45,"column":63}},"type":"if","locations":[{"start":{"line":45,"column":4},"end":{"line":45,"column":63}}]},"5":{"loc":{"start":{"line":46,"column":4},"end":{"line":56,"column":5}},"type":"if","locations":[{"start":{"line":46,"column":4},"end":{"line":56,"column":5}}]},"6":{"loc":{"start":{"line":64,"column":4},"end":{"line":64,"column":59}},"type":"if","locations":[{"start":{"line":64,"column":4},"end":{"line":64,"column":59}}]},"7":{"loc":{"start":{"line":67,"column":24},"end":{"line":67,"column":74}},"type":"cond-expr","locations":[{"start":{"line":67,"column":42},"end":{"line":67,"column":67}},{"start":{"line":67,"column":70},"end":{"line":67,"column":74}}]},"8":{"loc":{"start":{"line":68,"column":57},"end":{"line":70,"column":17}},"type":"cond-expr","locations":[{"start":{"line":69,"column":9},"end":{"line":69,"column":78}},{"start":{"line":70,"column":8},"end":{"line":70,"column":17}}]},"9":{"loc":{"start":{"line":85,"column":15},"end":{"line":85,"column":32}},"type":"binary-expr","locations":[{"start":{"line":85,"column":15},"end":{"line":85,"column":24}},{"start":{"line":85,"column":28},"end":{"line":85,"column":32}}]},"10":{"loc":{"start":{"line":87,"column":19},"end":{"line":87,"column":37}},"type":"binary-expr","locations":[{"start":{"line":87,"column":19},"end":{"line":87,"column":32}},{"start":{"line":87,"column":36},"end":{"line":87,"column":37}}]},"11":{"loc":{"start":{"line":88,"column":17},"end":{"line":88,"column":36}},"type":"binary-expr","locations":[{"start":{"line":88,"column":17},"end":{"line":88,"column":28}},{"start":{"line":88,"column":32},"end":{"line":88,"column":36}}]},"12":{"loc":{"start":{"line":99,"column":6},"end":{"line":99,"column":34}},"type":"if","locations":[{"start":{"line":99,"column":6},"end":{"line":99,"column":34}}]},"13":{"loc":{"start":{"line":103,"column":20},"end":{"line":103,"column":62}},"type":"cond-expr","locations":[{"start":{"line":103,"column":41},"end":{"line":103,"column":50}},{"start":{"line":103,"column":53},"end":{"line":103,"column":62}}]}},"s":{"0":0,"1":0,"2":0,"3":0,"4":0,"5":0,"6":0,"7":0,"8":0,"9":0,"10":0,"11":0,"12":0,"13":0,"14":0,"15":0,"16":0,"17":0,"18":0,"19":0,"20":0,"21":0,"22":0,"23":0,"24":0,"25":0,"26":0,"27":0,"28":0,"29":0,"30":0,"31":0,"32":0,"33":0,"34":0,"35":0,"36":0,"37":0,"38":0,"39":0,"40":0,"41":0,"42":0,"43":0,"44":0,"45":0,"46":0,"47":0,"48":0,"49":0,"50":0,"51":0,"52":0,"53":0,"54":0,"55":0,"56":0,"57":0,"58":0,"59":0,"60":0},"f":{"0":0,"1":0,"2":0,"3":0,"4":0,"5":0,"6":0,"7":0},"b":{"0":[0],"1":[0],"2":[0],"3":[0,0],"4":[0],"5":[0],"6":[0],"7":[0,0],"8":[0,0],"9":[0,0],"10":[0,0],"11":[0,0],"12":[0],"13":[0,0]}}
,"/Users/tima12/Documents/projects/DRM/apps/api/src/bookings/dto/create-booking.dto.ts": {"path":"/Users/tima12/Documents/projects/DRM/apps/api/src/bookings/dto/create-booking.dto.ts","statementMap":{"0":{"start":{"line":1,"column":0},"end":{"line":1,"column":null}},"1":{"start":{"line":10,"column":0},"end":{"line":10,"column":41}},"2":{"start":{"line":14,"column":2},"end":{"line":14,"column":null}},"3":{"start":{"line":18,"column":2},"end":{"line":18,"column":null}},"4":{"start":{"line":22,"column":2},"end":{"line":22,"column":null}},"5":{"start":{"line":25,"column":0},"end":{"line":25,"column":13}},"6":{"start":{"line":27,"column":2},"end":{"line":27,"column":null}},"7":{"start":{"line":30,"column":2},"end":{"line":30,"column":null}},"8":{"start":{"line":34,"column":2},"end":{"line":34,"column":null}},"9":{"start":{"line":38,"column":2},"end":{"line":38,"column":null}},"10":{"start":{"line":43,"column":2},"end":{"line":43,"column":null}},"11":{"start":{"line":47,"column":2},"end":{"line":47,"column":null}},"12":{"start":{"line":53,"column":2},"end":{"line":53,"column":null}},"13":{"start":{"line":52,"column":14},"end":{"line":52,"column":26}}},"fnMap":{"0":{"name":"(anonymous_2)","decl":{"start":{"line":52,"column":8},"end":{"line":52,"column":11}},"loc":{"start":{"line":52,"column":14},"end":{"line":52,"column":26}}}},"branchMap":{},"s":{"0":0,"1":0,"2":0,"3":0,"4":0,"5":0,"6":0,"7":0,"8":0,"9":0,"10":0,"11":0,"12":0,"13":0},"f":{"0":0},"b":{}}
,"/Users/tima12/Documents/projects/DRM/apps/api/src/bookings/dto/update-booking-status.dto.ts": {"path":"/Users/tima12/Documents/projects/DRM/apps/api/src/bookings/dto/update-booking-status.dto.ts","statementMap":{"0":{"start":{"line":1,"column":0},"end":{"line":1,"column":39}},"1":{"start":{"line":3,"column":0},"end":{"line":3,"column":13}},"2":{"start":{"line":5,"column":2},"end":{"line":5,"column":null}}},"fnMap":{},"branchMap":{},"s":{"0":0,"1":0,"2":0},"f":{},"b":{}}
,"/Users/tima12/Documents/projects/DRM/apps/api/src/categories/categories.controller.ts": {"path":"/Users/tima12/Documents/projects/DRM/apps/api/src/categories/categories.controller.ts","statementMap":{"0":{"start":{"line":1,"column":0},"end":{"line":1,"column":null}},"1":{"start":{"line":15,"column":0},"end":{"line":15,"column":79}},"2":{"start":{"line":16,"column":0},"end":{"line":16,"column":59}},"3":{"start":{"line":17,"column":0},"end":{"line":17,"column":57}},"4":{"start":{"line":18,"column":0},"end":{"line":18,"column":67}},"5":{"start":{"line":19,"column":0},"end":{"line":19,"column":74}},"6":{"start":{"line":20,"column":0},"end":{"line":20,"column":54}},"7":{"start":{"line":21,"column":0},"end":{"line":21,"column":81}},"8":{"start":{"line":22,"column":0},"end":{"line":22,"column":84}},"9":{"start":{"line":23,"column":0},"end":{"line":23,"column":74}},"10":{"start":{"line":29,"column":7},"end":{"line":81,"column":null}},"11":{"start":{"line":30,"column":31},"end":{"line":30,"column":50}},"12":{"start":{"line":34,"column":4},"end":{"line":34,"column":60}},"13":{"start":{"line":39,"column":4},"end":{"line":39,"column":68}},"14":{"start":{"line":44,"column":4},"end":{"line":44,"column":64}},"15":{"start":{"line":49,"column":4},"end":{"line":49,"column":60}},"16":{"start":{"line":58,"column":4},"end":{"line":58,"column":64}},"17":{"start":{"line":72,"column":4},"end":{"line":72,"column":65}},"18":{"start":{"line":72,"column":15},"end":{"line":72,"column":65}},"19":{"start":{"line":73,"column":22},"end":{"line":73,"column":49}},"20":{"start":{"line":74,"column":4},"end":{"line":74,"column":76}},"21":{"start":{"line":79,"column":4},"end":{"line":79,"column":59}},"22":{"start":{"line":29,"column":13},"end":{"line":29,"column":33}},"23":{"start":{"line":33,"column":2},"end":{"line":35,"column":null}},"24":{"start":{"line":38,"column":2},"end":{"line":40,"column":null}},"25":{"start":{"line":43,"column":2},"end":{"line":45,"column":null}},"26":{"start":{"line":48,"column":2},"end":{"line":50,"column":null}},"27":{"start":{"line":53,"column":2},"end":{"line":59,"column":null}},"28":{"start":{"line":67,"column":8},"end":{"line":75,"column":null}},"29":{"start":{"line":78,"column":2},"end":{"line":80,"column":null}},"30":{"start":{"line":29,"column":13},"end":{"line":81,"column":null}}},"fnMap":{"0":{"name":"(anonymous_4)","decl":{"start":{"line":30,"column":2},"end":{"line":30,"column":31}},"loc":{"start":{"line":30,"column":67},"end":{"line":30,"column":71}}},"1":{"name":"(anonymous_5)","decl":{"start":{"line":33,"column":2},"end":{"line":33,"column":8}},"loc":{"start":{"line":33,"column":82},"end":{"line":35,"column":3}}},"2":{"name":"(anonymous_6)","decl":{"start":{"line":38,"column":2},"end":{"line":38,"column":9}},"loc":{"start":{"line":38,"column":93},"end":{"line":40,"column":3}}},"3":{"name":"(anonymous_7)","decl":{"start":{"line":43,"column":2},"end":{"line":43,"column":12}},"loc":{"start":{"line":43,"column":87},"end":{"line":45,"column":3}}},"4":{"name":"(anonymous_8)","decl":{"start":{"line":48,"column":2},"end":{"line":48,"column":9}},"loc":{"start":{"line":48,"column":76},"end":{"line":50,"column":3}}},"5":{"name":"(anonymous_9)","decl":{"start":{"line":53,"column":2},"end":{"line":53,"column":8}},"loc":{"start":{"line":56,"column":34},"end":{"line":59,"column":3}}},"6":{"name":"(anonymous_10)","decl":{"start":{"line":67,"column":2},"end":{"line":67,"column":7}},"loc":{"start":{"line":70,"column":45},"end":{"line":75,"column":3}}},"7":{"name":"(anonymous_11)","decl":{"start":{"line":78,"column":2},"end":{"line":78,"column":8}},"loc":{"start":{"line":78,"column":75},"end":{"line":80,"column":3}}}},"branchMap":{"0":{"loc":{"start":{"line":72,"column":4},"end":{"line":72,"column":65}},"type":"if","locations":[{"start":{"line":72,"column":4},"end":{"line":72,"column":65}}]}},"s":{"0":0,"1":0,"2":0,"3":0,"4":0,"5":0,"6":0,"7":0,"8":0,"9":0,"10":0,"11":0,"12":0,"13":0,"14":0,"15":0,"16":0,"17":0,"18":0,"19":0,"20":0,"21":0,"22":0,"23":0,"24":0,"25":0,"26":0,"27":0,"28":0,"29":0,"30":0},"f":{"0":0,"1":0,"2":0,"3":0,"4":0,"5":0,"6":0,"7":0},"b":{"0":[0]}}
,"/Users/tima12/Documents/projects/DRM/apps/api/src/categories/categories.service.ts": {"path":"/Users/tima12/Documents/projects/DRM/apps/api/src/categories/categories.service.ts","statementMap":{"0":{"start":{"line":1,"column":0},"end":{"line":1,"column":63}},"1":{"start":{"line":2,"column":0},"end":{"line":2,"column":57}},"2":{"start":{"line":3,"column":0},"end":{"line":3,"column":82}},"3":{"start":{"line":4,"column":0},"end":{"line":4,"column":73}},"4":{"start":{"line":9,"column":7},"end":{"line":125,"column":null}},"5":{"start":{"line":11,"column":12},"end":{"line":11,"column":20}},"6":{"start":{"line":12,"column":12},"end":{"line":12,"column":19}},"7":{"start":{"line":16,"column":4},"end":{"line":16,"column":78}},"8":{"start":{"line":17,"column":4},"end":{"line":17,"column":49}},"9":{"start":{"line":18,"column":4},"end":{"line":34,"column":7}},"10":{"start":{"line":25,"column":51},"end":{"line":29,"column":16}},"11":{"start":{"line":38,"column":4},"end":{"line":46,"column":7}},"12":{"start":{"line":50,"column":17},"end":{"line":56,"column":6}},"13":{"start":{"line":57,"column":4},"end":{"line":57,"column":65}},"14":{"start":{"line":57,"column":15},"end":{"line":57,"column":65}},"15":{"start":{"line":58,"column":4},"end":{"line":58,"column":16}},"16":{"start":{"line":62,"column":16},"end":{"line":62,"column":52}},"17":{"start":{"line":63,"column":4},"end":{"line":65,"column":5}},"18":{"start":{"line":64,"column":6},"end":{"line":64,"column":80}},"19":{"start":{"line":66,"column":4},"end":{"line":66,"column":54}},"20":{"start":{"line":67,"column":4},"end":{"line":69,"column":5}},"21":{"start":{"line":68,"column":6},"end":{"line":68,"column":56}},"22":{"start":{"line":70,"column":4},"end":{"line":89,"column":7}},"23":{"start":{"line":80,"column":49},"end":{"line":84,"column":14}},"24":{"start":{"line":93,"column":16},"end":{"line":93,"column":52}},"25":{"start":{"line":94,"column":4},"end":{"line":94,"column":54}},"26":{"start":{"line":95,"column":4},"end":{"line":99,"column":7}},"27":{"start":{"line":103,"column":16},"end":{"line":103,"column":52}},"28":{"start":{"line":104,"column":4},"end":{"line":104,"column":54}},"29":{"start":{"line":105,"column":4},"end":{"line":105,"column":58}},"30":{"start":{"line":109,"column":18},"end":{"line":114,"column":6}},"31":{"start":{"line":115,"column":4},"end":{"line":119,"column":5}},"32":{"start":{"line":116,"column":23},"end":{"line":116,"column":54}},"33":{"start":{"line":116,"column":48},"end":{"line":116,"column":52}},"34":{"start":{"line":117,"column":22},"end":{"line":117,"column":63}},"35":{"start":{"line":117,"column":45},"end":{"line":117,"column":62}},"36":{"start":{"line":118,"column":6},"end":{"line":118,"column":81}},"37":{"start":{"line":120,"column":4},"end":{"line":122,"column":5}},"38":{"start":{"line":121,"column":6},"end":{"line":121,"column":54}},"39":{"start":{"line":123,"column":4},"end":{"line":123,"column":79}},"40":{"start":{"line":9,"column":13},"end":{"line":9,"column":30}},"41":{"start":{"line":9,"column":13},"end":{"line":125,"column":null}}},"fnMap":{"0":{"name":"(anonymous_2)","decl":{"start":{"line":10,"column":2},"end":{"line":10,"column":null}},"loc":{"start":{"line":12,"column":41},"end":{"line":13,"column":6}}},"1":{"name":"(anonymous_3)","decl":{"start":{"line":15,"column":2},"end":{"line":15,"column":7}},"loc":{"start":{"line":15,"column":59},"end":{"line":35,"column":3}}},"2":{"name":"(anonymous_4)","decl":{"start":{"line":25,"column":43},"end":{"line":25,"column":44}},"loc":{"start":{"line":25,"column":51},"end":{"line":29,"column":16}}},"3":{"name":"(anonymous_5)","decl":{"start":{"line":37,"column":2},"end":{"line":37,"column":7}},"loc":{"start":{"line":37,"column":57},"end":{"line":47,"column":3}}},"4":{"name":"(anonymous_6)","decl":{"start":{"line":49,"column":2},"end":{"line":49,"column":7}},"loc":{"start":{"line":49,"column":48},"end":{"line":59,"column":3}}},"5":{"name":"(anonymous_7)","decl":{"start":{"line":61,"column":2},"end":{"line":61,"column":7}},"loc":{"start":{"line":61,"column":71},"end":{"line":90,"column":3}}},"6":{"name":"(anonymous_8)","decl":{"start":{"line":80,"column":41},"end":{"line":80,"column":42}},"loc":{"start":{"line":80,"column":49},"end":{"line":84,"column":14}}},"7":{"name":"(anonymous_9)","decl":{"start":{"line":92,"column":2},"end":{"line":92,"column":7}},"loc":{"start":{"line":92,"column":79},"end":{"line":100,"column":3}}},"8":{"name":"(anonymous_10)","decl":{"start":{"line":102,"column":2},"end":{"line":102,"column":7}},"loc":{"start":{"line":102,"column":47},"end":{"line":106,"column":3}}},"9":{"name":"(anonymous_11)","decl":{"start":{"line":108,"column":2},"end":{"line":108,"column":7}},"loc":{"start":{"line":108,"column":64},"end":{"line":124,"column":3}}},"10":{"name":"(anonymous_12)","decl":{"start":{"line":116,"column":41},"end":{"line":116,"column":42}},"loc":{"start":{"line":116,"column":48},"end":{"line":116,"column":52}}},"11":{"name":"(anonymous_13)","decl":{"start":{"line":117,"column":37},"end":{"line":117,"column":38}},"loc":{"start":{"line":117,"column":45},"end":{"line":117,"column":62}}}},"branchMap":{"0":{"loc":{"start":{"line":21,"column":19},"end":{"line":21,"column":37}},"type":"binary-expr","locations":[{"start":{"line":21,"column":19},"end":{"line":21,"column":32}},{"start":{"line":21,"column":36},"end":{"line":21,"column":37}}]},"1":{"loc":{"start":{"line":22,"column":18},"end":{"line":22,"column":38}},"type":"binary-expr","locations":[{"start":{"line":22,"column":18},"end":{"line":22,"column":30}},{"start":{"line":22,"column":34},"end":{"line":22,"column":38}}]},"2":{"loc":{"start":{"line":23,"column":22},"end":{"line":31,"column":21}},"type":"cond-expr","locations":[{"start":{"line":24,"column":12},"end":{"line":30,"column":null}},{"start":{"line":31,"column":12},"end":{"line":31,"column":21}}]},"3":{"loc":{"start":{"line":40,"column":18},"end":{"line":42,"column":38}},"type":"cond-expr","locations":[{"start":{"line":41,"column":12},"end":{"line":41,"column":54}},{"start":{"line":42,"column":12},"end":{"line":42,"column":38}}]},"4":{"loc":{"start":{"line":57,"column":4},"end":{"line":57,"column":65}},"type":"if","locations":[{"start":{"line":57,"column":4},"end":{"line":57,"column":65}}]},"5":{"loc":{"start":{"line":63,"column":4},"end":{"line":65,"column":5}},"type":"if","locations":[{"start":{"line":63,"column":4},"end":{"line":65,"column":5}}]},"6":{"loc":{"start":{"line":67,"column":4},"end":{"line":69,"column":5}},"type":"if","locations":[{"start":{"line":67,"column":4},"end":{"line":69,"column":5}}]},"7":{"loc":{"start":{"line":67,"column":8},"end":{"line":67,"column":59}},"type":"binary-expr","locations":[{"start":{"line":67,"column":8},"end":{"line":67,"column":22}},{"start":{"line":67,"column":26},"end":{"line":67,"column":59}}]},"8":{"loc":{"start":{"line":73,"column":12},"end":{"line":73,"column":68}},"type":"binary-expr","locations":[{"start":{"line":73,"column":12},"end":{"line":73,"column":34}},{"start":{"line":73,"column":38},"end":{"line":73,"column":68}}]},"9":{"loc":{"start":{"line":74,"column":12},"end":{"line":74,"column":65}},"type":"binary-expr","locations":[{"start":{"line":74,"column":12},"end":{"line":74,"column":33}},{"start":{"line":74,"column":37},"end":{"line":74,"column":65}}]},"10":{"loc":{"start":{"line":75,"column":12},"end":{"line":75,"column":62}},"type":"binary-expr","locations":[{"start":{"line":75,"column":12},"end":{"line":75,"column":32}},{"start":{"line":75,"column":36},"end":{"line":75,"column":62}}]},"11":{"loc":{"start":{"line":76,"column":12},"end":{"line":76,"column":71}},"type":"binary-expr","locations":[{"start":{"line":76,"column":12},"end":{"line":76,"column":39}},{"start":{"line":76,"column":43},"end":{"line":76,"column":71}}]},"12":{"loc":{"start":{"line":77,"column":12},"end":{"line":86,"column":10}},"type":"binary-expr","locations":[{"start":{"line":77,"column":12},"end":{"line":77,"column":44}},{"start":{"line":77,"column":48},"end":{"line":86,"column":10}}]},"13":{"loc":{"start":{"line":115,"column":4},"end":{"line":119,"column":5}},"type":"if","locations":[{"start":{"line":115,"column":4},"end":{"line":119,"column":5}}]}},"s":{"0":0,"1":0,"2":0,"3":0,"4":0,"5":0,"6":0,"7":0,"8":0,"9":0,"10":0,"11":0,"12":0,"13":0,"14":0,"15":0,"16":0,"17":0,"18":0,"19":0,"20":0,"21":0,"22":0,"23":0,"24":0,"25":0,"26":0,"27":0,"28":0,"29":0,"30":0,"31":0,"32":0,"33":0,"34":0,"35":0,"36":0,"37":0,"38":0,"39":0,"40":0,"41":0},"f":{"0":0,"1":0,"2":0,"3":0,"4":0,"5":0,"6":0,"7":0,"8":0,"9":0,"10":0,"11":0},"b":{"0":[0,0],"1":[0,0],"2":[0,0],"3":[0,0],"4":[0],"5":[0],"6":[0],"7":[0,0],"8":[0,0],"9":[0,0],"10":[0,0],"11":[0,0],"12":[0,0],"13":[0]}}
,"/Users/tima12/Documents/projects/DRM/apps/api/src/categories/dto/category.dto.ts": {"path":"/Users/tima12/Documents/projects/DRM/apps/api/src/categories/dto/category.dto.ts","statementMap":{"0":{"start":{"line":1,"column":0},"end":{"line":1,"column":101}},"1":{"start":{"line":2,"column":0},"end":{"line":2,"column":41}},"2":{"start":{"line":6,"column":2},"end":{"line":6,"column":null}},"3":{"start":{"line":8,"column":2},"end":{"line":8,"column":null}},"4":{"start":{"line":11,"column":2},"end":{"line":11,"column":null}},"5":{"start":{"line":14,"column":0},"end":{"line":14,"column":13}},"6":{"start":{"line":16,"column":2},"end":{"line":16,"column":null}},"7":{"start":{"line":19,"column":2},"end":{"line":19,"column":null}},"8":{"start":{"line":22,"column":2},"end":{"line":22,"column":null}},"9":{"start":{"line":27,"column":2},"end":{"line":27,"column":null}},"10":{"start":{"line":26,"column":14},"end":{"line":26,"column":28}},"11":{"start":{"line":30,"column":0},"end":{"line":30,"column":13}},"12":{"start":{"line":33,"column":2},"end":{"line":33,"column":null}},"13":{"start":{"line":36,"column":2},"end":{"line":36,"column":null}},"14":{"start":{"line":39,"column":2},"end":{"line":39,"column":null}},"15":{"start":{"line":42,"column":2},"end":{"line":42,"column":null}},"16":{"start":{"line":47,"column":2},"end":{"line":47,"column":null}},"17":{"start":{"line":46,"column":14},"end":{"line":46,"column":28}}},"fnMap":{"0":{"name":"(anonymous_2)","decl":{"start":{"line":26,"column":8},"end":{"line":26,"column":11}},"loc":{"start":{"line":26,"column":14},"end":{"line":26,"column":28}}},"1":{"name":"(anonymous_3)","decl":{"start":{"line":46,"column":8},"end":{"line":46,"column":11}},"loc":{"start":{"line":46,"column":14},"end":{"line":46,"column":28}}}},"branchMap":{},"s":{"0":0,"1":0,"2":0,"3":0,"4":0,"5":0,"6":0,"7":0,"8":0,"9":0,"10":0,"11":0,"12":0,"13":0,"14":0,"15":0,"16":0,"17":0},"f":{"0":0,"1":0},"b":{}}
,"/Users/tima12/Documents/projects/DRM/apps/api/src/common/decorators/admin-restaurant.decorator.ts": {"path":"/Users/tima12/Documents/projects/DRM/apps/api/src/common/decorators/admin-restaurant.decorator.ts","statementMap":{"0":{"start":{"line":1,"column":0},"end":{"line":1,"column":72}},"1":{"start":{"line":4,"column":13},"end":{"line":13,"column":2}},"2":{"start":{"line":6,"column":16},"end":{"line":6,"column":64}},"3":{"start":{"line":7,"column":15},"end":{"line":7,"column":31}},"4":{"start":{"line":8,"column":4},"end":{"line":10,"column":5}},"5":{"start":{"line":9,"column":6},"end":{"line":9,"column":78}},"6":{"start":{"line":11,"column":4},"end":{"line":11,"column":14}}},"fnMap":{"0":{"name":"(anonymous_0)","decl":{"start":{"line":5,"column":2},"end":{"line":5,"column":3}},"loc":{"start":{"line":5,"column":52},"end":{"line":12,"column":3}}}},"branchMap":{"0":{"loc":{"start":{"line":8,"column":4},"end":{"line":10,"column":5}},"type":"if","locations":[{"start":{"line":8,"column":4},"end":{"line":10,"column":5}}]}},"s":{"0":0,"1":0,"2":0,"3":0,"4":0,"5":0,"6":0},"f":{"0":0},"b":{"0":[0]}}
,"/Users/tima12/Documents/projects/DRM/apps/api/src/common/dto/bulk-delete.dto.ts": {"path":"/Users/tima12/Documents/projects/DRM/apps/api/src/common/dto/bulk-delete.dto.ts","statementMap":{"0":{"start":{"line":1,"column":0},"end":{"line":1,"column":66}},"1":{"start":{"line":3,"column":0},"end":{"line":3,"column":13}},"2":{"start":{"line":7,"column":2},"end":{"line":7,"column":null}}},"fnMap":{},"branchMap":{},"s":{"0":0,"1":0,"2":0},"f":{},"b":{}}
,"/Users/tima12/Documents/projects/DRM/apps/api/src/common/dto/bulk-translate.dto.ts": {"path":"/Users/tima12/Documents/projects/DRM/apps/api/src/common/dto/bulk-translate.dto.ts","statementMap":{"0":{"start":{"line":1,"column":0},"end":{"line":1,"column":92}},"1":{"start":{"line":2,"column":0},"end":{"line":2,"column":67}},"2":{"start":{"line":4,"column":0},"end":{"line":4,"column":13}},"3":{"start":{"line":10,"column":2},"end":{"line":10,"column":null}},"4":{"start":{"line":16,"column":2},"end":{"line":16,"column":null}}},"fnMap":{},"branchMap":{},"s":{"0":0,"1":0,"2":0,"3":0,"4":0},"f":{},"b":{}}
,"/Users/tima12/Documents/projects/DRM/apps/api/src/common/filters/http-exception.filter.ts": {"path":"/Users/tima12/Documents/projects/DRM/apps/api/src/common/filters/http-exception.filter.ts","statementMap":{"0":{"start":{"line":1,"column":0},"end":{"line":1,"column":106}},"1":{"start":{"line":5,"column":32},"end":{"line":45,"column":null}},"2":{"start":{"line":6,"column":19},"end":{"line":6,"column":65}},"3":{"start":{"line":9,"column":16},"end":{"line":9,"column":35}},"4":{"start":{"line":10,"column":21},"end":{"line":10,"column":48}},"5":{"start":{"line":11,"column":20},"end":{"line":11,"column":45}},"6":{"start":{"line":13,"column":17},"end":{"line":13,"column":49}},"7":{"start":{"line":14,"column":18},"end":{"line":14,"column":41}},"8":{"start":{"line":16,"column":4},"end":{"line":27,"column":5}},"9":{"start":{"line":17,"column":6},"end":{"line":17,"column":37}},"10":{"start":{"line":18,"column":32},"end":{"line":18,"column":55}},"11":{"start":{"line":19,"column":6},"end":{"line":24,"column":7}},"12":{"start":{"line":20,"column":21},"end":{"line":20,"column":45}},"13":{"start":{"line":21,"column":8},"end":{"line":21,"column":66}},"14":{"start":{"line":23,"column":8},"end":{"line":23,"column":46}},"15":{"start":{"line":25,"column":11},"end":{"line":27,"column":5}},"16":{"start":{"line":26,"column":6},"end":{"line":26,"column":34}},"17":{"start":{"line":29,"column":26},"end":{"line":34,"column":6}},"18":{"start":{"line":37,"column":4},"end":{"line":41,"column":5}},"19":{"start":{"line":38,"column":6},"end":{"line":38,"column":126}},"20":{"start":{"line":39,"column":11},"end":{"line":41,"column":5}},"21":{"start":{"line":40,"column":6},"end":{"line":40,"column":83}},"22":{"start":{"line":43,"column":4},"end":{"line":43,"column":48}},"23":{"start":{"line":5,"column":13},"end":{"line":5,"column":32}},"24":{"start":{"line":5,"column":13},"end":{"line":45,"column":null}}},"fnMap":{"0":{"name":"(anonymous_1)","decl":{"start":{"line":5,"column":7},"end":{"line":5,"column":13}},"loc":{"start":{"line":5,"column":7},"end":{"line":45,"column":1}}},"1":{"name":"(anonymous_2)","decl":{"start":{"line":8,"column":2},"end":{"line":8,"column":7}},"loc":{"start":{"line":8,"column":47},"end":{"line":44,"column":3}}}},"branchMap":{"0":{"loc":{"start":{"line":16,"column":4},"end":{"line":27,"column":5}},"type":"if","locations":[{"start":{"line":16,"column":4},"end":{"line":27,"column":5}},{"start":{"line":25,"column":11},"end":{"line":27,"column":5}}]},"1":{"loc":{"start":{"line":19,"column":6},"end":{"line":24,"column":7}},"type":"if","locations":[{"start":{"line":19,"column":6},"end":{"line":24,"column":7}},{"start":{"line":22,"column":13},"end":{"line":24,"column":7}}]},"2":{"loc":{"start":{"line":19,"column":10},"end":{"line":19,"column":77}},"type":"binary-expr","locations":[{"start":{"line":19,"column":10},"end":{"line":19,"column":47}},{"start":{"line":19,"column":51},"end":{"line":19,"column":77}}]},"3":{"loc":{"start":{"line":21,"column":18},"end":{"line":21,"column":65}},"type":"binary-expr","locations":[{"start":{"line":21,"column":18},"end":{"line":21,"column":30}},{"start":{"line":21,"column":34},"end":{"line":21,"column":44}},{"start":{"line":21,"column":48},"end":{"line":21,"column":65}}]},"4":{"loc":{"start":{"line":25,"column":11},"end":{"line":27,"column":5}},"type":"if","locations":[{"start":{"line":25,"column":11},"end":{"line":27,"column":5}}]},"5":{"loc":{"start":{"line":37,"column":4},"end":{"line":41,"column":5}},"type":"if","locations":[{"start":{"line":37,"column":4},"end":{"line":41,"column":5}},{"start":{"line":39,"column":11},"end":{"line":41,"column":5}}]},"6":{"loc":{"start":{"line":38,"column":60},"end":{"line":38,"column":124}},"type":"cond-expr","locations":[{"start":{"line":38,"column":89},"end":{"line":38,"column":104}},{"start":{"line":38,"column":107},"end":{"line":38,"column":124}}]},"7":{"loc":{"start":{"line":39,"column":11},"end":{"line":41,"column":5}},"type":"if","locations":[{"start":{"line":39,"column":11},"end":{"line":41,"column":5}}]}},"s":{"0":0,"1":0,"2":0,"3":0,"4":0,"5":0,"6":0,"7":0,"8":0,"9":0,"10":0,"11":0,"12":0,"13":0,"14":0,"15":0,"16":0,"17":0,"18":0,"19":0,"20":0,"21":0,"22":0,"23":0,"24":0},"f":{"0":0,"1":0},"b":{"0":[0,0],"1":[0,0],"2":[0,0],"3":[0,0,0],"4":[0],"5":[0,0],"6":[0,0],"7":[0]}}
,"/Users/tima12/Documents/projects/DRM/apps/api/src/common/guards/public-restaurant.guard.ts": {"path":"/Users/tima12/Documents/projects/DRM/apps/api/src/common/guards/public-restaurant.guard.ts","statementMap":{"0":{"start":{"line":1,"column":0},"end":{"line":1,"column":null}},"1":{"start":{"line":8,"column":0},"end":{"line":8,"column":60}},"2":{"start":{"line":11,"column":2},"end":{"line":11,"column":24}},"3":{"start":{"line":11,"column":12},"end":{"line":11,"column":24}},"4":{"start":{"line":12,"column":12},"end":{"line":12,"column":51}},"5":{"start":{"line":13,"column":2},"end":{"line":13,"column":19}},"6":{"start":{"line":17,"column":7},"end":{"line":36,"column":null}},"7":{"start":{"line":18,"column":22},"end":{"line":18,"column":30}},"8":{"start":{"line":21,"column":16},"end":{"line":21,"column":60}},"9":{"start":{"line":22,"column":17},"end":{"line":22,"column":68}},"10":{"start":{"line":23,"column":17},"end":{"line":23,"column":35}},"11":{"start":{"line":24,"column":4},"end":{"line":26,"column":5}},"12":{"start":{"line":25,"column":6},"end":{"line":25,"column":57}},"13":{"start":{"line":27,"column":16},"end":{"line":29,"column":6}},"14":{"start":{"line":30,"column":4},"end":{"line":32,"column":5}},"15":{"start":{"line":31,"column":6},"end":{"line":31,"column":72}},"16":{"start":{"line":33,"column":4},"end":{"line":33,"column":46}},"17":{"start":{"line":34,"column":4},"end":{"line":34,"column":16}},"18":{"start":{"line":17,"column":13},"end":{"line":17,"column":34}},"19":{"start":{"line":17,"column":13},"end":{"line":36,"column":null}}},"fnMap":{"0":{"name":"normalizeHost","decl":{"start":{"line":10,"column":9},"end":{"line":10,"column":22}},"loc":{"start":{"line":10,"column":46},"end":{"line":14,"column":1}}},"1":{"name":"(anonymous_3)","decl":{"start":{"line":18,"column":2},"end":{"line":18,"column":22}},"loc":{"start":{"line":18,"column":43},"end":{"line":18,"column":47}}},"2":{"name":"(anonymous_4)","decl":{"start":{"line":20,"column":2},"end":{"line":20,"column":7}},"loc":{"start":{"line":20,"column":45},"end":{"line":35,"column":3}}}},"branchMap":{"0":{"loc":{"start":{"line":11,"column":2},"end":{"line":11,"column":24}},"type":"if","locations":[{"start":{"line":11,"column":2},"end":{"line":11,"column":24}}]},"1":{"loc":{"start":{"line":13,"column":9},"end":{"line":13,"column":18}},"type":"binary-expr","locations":[{"start":{"line":13,"column":9},"end":{"line":13,"column":10}},{"start":{"line":13,"column":14},"end":{"line":13,"column":18}}]},"2":{"loc":{"start":{"line":22,"column":17},"end":{"line":22,"column":68}},"type":"binary-expr","locations":[{"start":{"line":22,"column":17},"end":{"line":22,"column":48}},{"start":{"line":22,"column":52},"end":{"line":22,"column":68}}]},"3":{"loc":{"start":{"line":24,"column":4},"end":{"line":26,"column":5}},"type":"if","locations":[{"start":{"line":24,"column":4},"end":{"line":26,"column":5}}]},"4":{"loc":{"start":{"line":30,"column":4},"end":{"line":32,"column":5}},"type":"if","locations":[{"start":{"line":30,"column":4},"end":{"line":32,"column":5}}]}},"s":{"0":0,"1":0,"2":0,"3":0,"4":0,"5":0,"6":0,"7":0,"8":0,"9":0,"10":0,"11":0,"12":0,"13":0,"14":0,"15":0,"16":0,"17":0,"18":0,"19":0},"f":{"0":0,"1":0,"2":0},"b":{"0":[0],"1":[0,0],"2":[0,0],"3":[0],"4":[0]}}
,"/Users/tima12/Documents/projects/DRM/apps/api/src/common/guards/restaurant-access.guard.ts": {"path":"/Users/tima12/Documents/projects/DRM/apps/api/src/common/guards/restaurant-access.guard.ts","statementMap":{"0":{"start":{"line":1,"column":0},"end":{"line":1,"column":null}},"1":{"start":{"line":9,"column":0},"end":{"line":9,"column":60}},"2":{"start":{"line":12,"column":7},"end":{"line":37,"column":null}},"3":{"start":{"line":13,"column":22},"end":{"line":13,"column":30}},"4":{"start":{"line":16,"column":16},"end":{"line":16,"column":60}},"5":{"start":{"line":17,"column":17},"end":{"line":17,"column":25}},"6":{"start":{"line":18,"column":4},"end":{"line":20,"column":5}},"7":{"start":{"line":19,"column":6},"end":{"line":19,"column":37}},"8":{"start":{"line":21,"column":16},"end":{"line":21,"column":68}},"9":{"start":{"line":22,"column":25},"end":{"line":22,"column":36}},"10":{"start":{"line":23,"column":4},"end":{"line":25,"column":5}},"11":{"start":{"line":24,"column":6},"end":{"line":24,"column":74}},"12":{"start":{"line":26,"column":17},"end":{"line":30,"column":6}},"13":{"start":{"line":31,"column":4},"end":{"line":33,"column":5}},"14":{"start":{"line":32,"column":6},"end":{"line":32,"column":67}},"15":{"start":{"line":34,"column":4},"end":{"line":34,"column":36}},"16":{"start":{"line":35,"column":4},"end":{"line":35,"column":16}},"17":{"start":{"line":12,"column":13},"end":{"line":12,"column":34}},"18":{"start":{"line":12,"column":13},"end":{"line":37,"column":null}}},"fnMap":{"0":{"name":"(anonymous_2)","decl":{"start":{"line":13,"column":2},"end":{"line":13,"column":22}},"loc":{"start":{"line":13,"column":43},"end":{"line":13,"column":47}}},"1":{"name":"(anonymous_3)","decl":{"start":{"line":15,"column":2},"end":{"line":15,"column":7}},"loc":{"start":{"line":15,"column":45},"end":{"line":36,"column":3}}}},"branchMap":{"0":{"loc":{"start":{"line":18,"column":4},"end":{"line":20,"column":5}},"type":"if","locations":[{"start":{"line":18,"column":4},"end":{"line":20,"column":5}}]},"1":{"loc":{"start":{"line":23,"column":4},"end":{"line":25,"column":5}},"type":"if","locations":[{"start":{"line":23,"column":4},"end":{"line":25,"column":5}}]},"2":{"loc":{"start":{"line":31,"column":4},"end":{"line":33,"column":5}},"type":"if","locations":[{"start":{"line":31,"column":4},"end":{"line":33,"column":5}}]}},"s":{"0":0,"1":0,"2":0,"3":0,"4":0,"5":0,"6":0,"7":0,"8":0,"9":0,"10":0,"11":0,"12":0,"13":0,"14":0,"15":0,"16":0,"17":0,"18":0},"f":{"0":0,"1":0},"b":{"0":[0],"1":[0],"2":[0]}}
,"/Users/tima12/Documents/projects/DRM/apps/api/src/common/middleware/logger.middleware.ts": {"path":"/Users/tima12/Documents/projects/DRM/apps/api/src/common/middleware/logger.middleware.ts","statementMap":{"0":{"start":{"line":1,"column":0},"end":{"line":1,"column":68}},"1":{"start":{"line":5,"column":7},"end":{"line":27,"column":null}},"2":{"start":{"line":6,"column":19},"end":{"line":6,"column":47}},"3":{"start":{"line":9,"column":18},"end":{"line":9,"column":28}},"4":{"start":{"line":10,"column":29},"end":{"line":10,"column":32}},"5":{"start":{"line":12,"column":4},"end":{"line":23,"column":7}},"6":{"start":{"line":13,"column":23},"end":{"line":13,"column":41}},"7":{"start":{"line":14,"column":29},"end":{"line":14,"column":32}},"8":{"start":{"line":16,"column":6},"end":{"line":22,"column":7}},"9":{"start":{"line":17,"column":8},"end":{"line":17,"column":77}},"10":{"start":{"line":18,"column":13},"end":{"line":22,"column":7}},"11":{"start":{"line":19,"column":8},"end":{"line":19,"column":78}},"12":{"start":{"line":21,"column":8},"end":{"line":21,"column":79}},"13":{"start":{"line":25,"column":4},"end":{"line":25,"column":11}},"14":{"start":{"line":5,"column":13},"end":{"line":5,"column":29}},"15":{"start":{"line":5,"column":13},"end":{"line":27,"column":null}}},"fnMap":{"0":{"name":"(anonymous_1)","decl":{"start":{"line":5,"column":7},"end":{"line":5,"column":13}},"loc":{"start":{"line":5,"column":7},"end":{"line":27,"column":1}}},"1":{"name":"(anonymous_2)","decl":{"start":{"line":8,"column":2},"end":{"line":8,"column":5}},"loc":{"start":{"line":8,"column":53},"end":{"line":26,"column":3}}},"2":{"name":"(anonymous_3)","decl":{"start":{"line":12,"column":21},"end":{"line":12,"column":24}},"loc":{"start":{"line":12,"column":26},"end":{"line":23,"column":5}}}},"branchMap":{"0":{"loc":{"start":{"line":16,"column":6},"end":{"line":22,"column":7}},"type":"if","locations":[{"start":{"line":16,"column":6},"end":{"line":22,"column":7}},{"start":{"line":18,"column":13},"end":{"line":22,"column":7}}]},"1":{"loc":{"start":{"line":18,"column":13},"end":{"line":22,"column":7}},"type":"if","locations":[{"start":{"line":18,"column":13},"end":{"line":22,"column":7}},{"start":{"line":20,"column":13},"end":{"line":22,"column":7}}]}},"s":{"0":0,"1":0,"2":0,"3":0,"4":0,"5":0,"6":0,"7":0,"8":0,"9":0,"10":0,"11":0,"12":0,"13":0,"14":0,"15":0},"f":{"0":0,"1":0,"2":0},"b":{"0":[0,0],"1":[0,0]}}
,"/Users/tima12/Documents/projects/DRM/apps/api/src/common/scope/restaurant-scope.service.ts": {"path":"/Users/tima12/Documents/projects/DRM/apps/api/src/common/scope/restaurant-scope.service.ts","statementMap":{"0":{"start":{"line":1,"column":0},"end":{"line":1,"column":63}},"1":{"start":{"line":2,"column":0},"end":{"line":2,"column":60}},"2":{"start":{"line":5,"column":7},"end":{"line":47,"column":null}},"3":{"start":{"line":6,"column":22},"end":{"line":6,"column":30}},"4":{"start":{"line":9,"column":14},"end":{"line":11,"column":6}},"5":{"start":{"line":12,"column":4},"end":{"line":12,"column":58}},"6":{"start":{"line":12,"column":12},"end":{"line":12,"column":58}},"7":{"start":{"line":13,"column":4},"end":{"line":13,"column":13}},"8":{"start":{"line":17,"column":15},"end":{"line":20,"column":6}},"9":{"start":{"line":21,"column":4},"end":{"line":21,"column":64}},"10":{"start":{"line":21,"column":13},"end":{"line":21,"column":64}},"11":{"start":{"line":22,"column":4},"end":{"line":22,"column":14}},"12":{"start":{"line":26,"column":16},"end":{"line":32,"column":6}},"13":{"start":{"line":33,"column":4},"end":{"line":33,"column":64}},"14":{"start":{"line":33,"column":14},"end":{"line":33,"column":64}},"15":{"start":{"line":34,"column":4},"end":{"line":34,"column":15}},"16":{"start":{"line":38,"column":17},"end":{"line":43,"column":6}},"17":{"start":{"line":44,"column":4},"end":{"line":44,"column":66}},"18":{"start":{"line":44,"column":15},"end":{"line":44,"column":66}},"19":{"start":{"line":45,"column":4},"end":{"line":45,"column":16}},"20":{"start":{"line":5,"column":13},"end":{"line":5,"column":35}},"21":{"start":{"line":5,"column":13},"end":{"line":47,"column":null}}},"fnMap":{"0":{"name":"(anonymous_2)","decl":{"start":{"line":6,"column":2},"end":{"line":6,"column":22}},"loc":{"start":{"line":6,"column":43},"end":{"line":6,"column":47}}},"1":{"name":"(anonymous_3)","decl":{"start":{"line":8,"column":2},"end":{"line":8,"column":7}},"loc":{"start":{"line":8,"column":67},"end":{"line":14,"column":3}}},"2":{"name":"(anonymous_4)","decl":{"start":{"line":16,"column":2},"end":{"line":16,"column":7}},"loc":{"start":{"line":16,"column":75},"end":{"line":23,"column":3}}},"3":{"name":"(anonymous_5)","decl":{"start":{"line":25,"column":2},"end":{"line":25,"column":7}},"loc":{"start":{"line":25,"column":75},"end":{"line":35,"column":3}}},"4":{"name":"(anonymous_6)","decl":{"start":{"line":37,"column":2},"end":{"line":37,"column":7}},"loc":{"start":{"line":37,"column":75},"end":{"line":46,"column":3}}}},"branchMap":{"0":{"loc":{"start":{"line":12,"column":4},"end":{"line":12,"column":58}},"type":"if","locations":[{"start":{"line":12,"column":4},"end":{"line":12,"column":58}}]},"1":{"loc":{"start":{"line":21,"column":4},"end":{"line":21,"column":64}},"type":"if","locations":[{"start":{"line":21,"column":4},"end":{"line":21,"column":64}}]},"2":{"loc":{"start":{"line":33,"column":4},"end":{"line":33,"column":64}},"type":"if","locations":[{"start":{"line":33,"column":4},"end":{"line":33,"column":64}}]},"3":{"loc":{"start":{"line":44,"column":4},"end":{"line":44,"column":66}},"type":"if","locations":[{"start":{"line":44,"column":4},"end":{"line":44,"column":66}}]}},"s":{"0":0,"1":0,"2":0,"3":0,"4":0,"5":0,"6":0,"7":0,"8":0,"9":0,"10":0,"11":0,"12":0,"13":0,"14":0,"15":0,"16":0,"17":0,"18":0,"19":0,"20":0,"21":0},"f":{"0":0,"1":0,"2":0,"3":0,"4":0},"b":{"0":[0],"1":[0],"2":[0],"3":[0]}}
,"/Users/tima12/Documents/projects/DRM/apps/api/src/common/upload/multer-image.config.ts": {"path":"/Users/tima12/Documents/projects/DRM/apps/api/src/common/upload/multer-image.config.ts","statementMap":{"0":{"start":{"line":14,"column":0},"end":{"line":14,"column":16}},"1":{"start":{"line":1,"column":0},"end":{"line":1,"column":53}},"2":{"start":{"line":2,"column":0},"end":{"line":2,"column":37}},"3":{"start":{"line":3,"column":0},"end":{"line":3,"column":31}},"4":{"start":{"line":5,"column":19},"end":{"line":5,"column":28}},"5":{"start":{"line":6,"column":22},"end":{"line":12,"column":2}},"6":{"start":{"line":15,"column":2},"end":{"line":38,"column":4}},"7":{"start":{"line":19,"column":20},"end":{"line":19,"column":56}},"8":{"start":{"line":20,"column":8},"end":{"line":20,"column":50}},"9":{"start":{"line":29,"column":6},"end":{"line":36,"column":10}},"10":{"start":{"line":29,"column":49},"end":{"line":29,"column":64}},"11":{"start":{"line":31,"column":8},"end":{"line":36,"column":10}}},"fnMap":{"0":{"name":"multerImageOptions","decl":{"start":{"line":14,"column":16},"end":{"line":14,"column":34}},"loc":{"start":{"line":14,"column":49},"end":{"line":39,"column":1}}},"1":{"name":"(anonymous_1)","decl":{"start":{"line":18,"column":16},"end":{"line":18,"column":17}},"loc":{"start":{"line":18,"column":35},"end":{"line":21,"column":7}}},"2":{"name":"(anonymous_2)","decl":{"start":{"line":24,"column":16},"end":{"line":24,"column":null}},"loc":{"start":{"line":28,"column":8},"end":{"line":37,"column":5}}}},"branchMap":{"0":{"loc":{"start":{"line":19,"column":20},"end":{"line":19,"column":56}},"type":"binary-expr","locations":[{"start":{"line":19,"column":20},"end":{"line":19,"column":46}},{"start":{"line":19,"column":50},"end":{"line":19,"column":56}}]},"1":{"loc":{"start":{"line":29,"column":6},"end":{"line":36,"column":10}},"type":"if","locations":[{"start":{"line":29,"column":6},"end":{"line":36,"column":10}},{"start":{"line":31,"column":8},"end":{"line":36,"column":10}}]}},"s":{"0":0,"1":0,"2":0,"3":0,"4":0,"5":0,"6":0,"7":0,"8":0,"9":0,"10":0,"11":0},"f":{"0":0,"1":0,"2":0},"b":{"0":[0,0],"1":[0,0]}}
,"/Users/tima12/Documents/projects/DRM/apps/api/src/languages/admin-languages.controller.ts": {"path":"/Users/tima12/Documents/projects/DRM/apps/api/src/languages/admin-languages.controller.ts","statementMap":{"0":{"start":{"line":1,"column":0},"end":{"line":1,"column":94}},"1":{"start":{"line":2,"column":0},"end":{"line":2,"column":57}},"2":{"start":{"line":3,"column":0},"end":{"line":3,"column":55}},"3":{"start":{"line":4,"column":0},"end":{"line":4,"column":74}},"4":{"start":{"line":5,"column":0},"end":{"line":5,"column":54}},"5":{"start":{"line":11,"column":7},"end":{"line":33,"column":null}},"6":{"start":{"line":12,"column":31},"end":{"line":12,"column":49}},"7":{"start":{"line":16,"column":4},"end":{"line":16,"column":43}},"8":{"start":{"line":21,"column":4},"end":{"line":21,"column":45}},"9":{"start":{"line":26,"column":4},"end":{"line":26,"column":49}},"10":{"start":{"line":31,"column":4},"end":{"line":31,"column":44}},"11":{"start":{"line":11,"column":13},"end":{"line":11,"column":37}},"12":{"start":{"line":15,"column":2},"end":{"line":17,"column":null}},"13":{"start":{"line":20,"column":2},"end":{"line":22,"column":null}},"14":{"start":{"line":25,"column":2},"end":{"line":27,"column":null}},"15":{"start":{"line":30,"column":2},"end":{"line":32,"column":null}},"16":{"start":{"line":11,"column":13},"end":{"line":33,"column":null}}},"fnMap":{"0":{"name":"(anonymous_4)","decl":{"start":{"line":12,"column":2},"end":{"line":12,"column":31}},"loc":{"start":{"line":12,"column":65},"end":{"line":12,"column":69}}},"1":{"name":"(anonymous_5)","decl":{"start":{"line":15,"column":2},"end":{"line":15,"column":9}},"loc":{"start":{"line":15,"column":9},"end":{"line":17,"column":3}}},"2":{"name":"(anonymous_6)","decl":{"start":{"line":20,"column":2},"end":{"line":20,"column":8}},"loc":{"start":{"line":20,"column":39},"end":{"line":22,"column":3}}},"3":{"name":"(anonymous_7)","decl":{"start":{"line":25,"column":2},"end":{"line":25,"column":8}},"loc":{"start":{"line":25,"column":64},"end":{"line":27,"column":3}}},"4":{"name":"(anonymous_8)","decl":{"start":{"line":30,"column":2},"end":{"line":30,"column":8}},"loc":{"start":{"line":30,"column":32},"end":{"line":32,"column":3}}}},"branchMap":{},"s":{"0":0,"1":0,"2":0,"3":0,"4":0,"5":0,"6":0,"7":0,"8":0,"9":0,"10":0,"11":0,"12":0,"13":0,"14":0,"15":0,"16":0},"f":{"0":0,"1":0,"2":0,"3":0,"4":0},"b":{}}
,"/Users/tima12/Documents/projects/DRM/apps/api/src/languages/languages.controller.ts": {"path":"/Users/tima12/Documents/projects/DRM/apps/api/src/languages/languages.controller.ts","statementMap":{"0":{"start":{"line":1,"column":0},"end":{"line":1,"column":49}},"1":{"start":{"line":2,"column":0},"end":{"line":2,"column":42}},"2":{"start":{"line":3,"column":0},"end":{"line":3,"column":55}},"3":{"start":{"line":7,"column":7},"end":{"line":14,"column":null}},"4":{"start":{"line":8,"column":31},"end":{"line":8,"column":49}},"5":{"start":{"line":12,"column":4},"end":{"line":12,"column":43}},"6":{"start":{"line":7,"column":13},"end":{"line":7,"column":32}},"7":{"start":{"line":11,"column":2},"end":{"line":13,"column":null}},"8":{"start":{"line":7,"column":13},"end":{"line":14,"column":null}}},"fnMap":{"0":{"name":"(anonymous_2)","decl":{"start":{"line":8,"column":2},"end":{"line":8,"column":31}},"loc":{"start":{"line":8,"column":65},"end":{"line":8,"column":69}}},"1":{"name":"(anonymous_3)","decl":{"start":{"line":11,"column":2},"end":{"line":11,"column":9}},"loc":{"start":{"line":11,"column":9},"end":{"line":13,"column":3}}}},"branchMap":{},"s":{"0":0,"1":0,"2":0,"3":0,"4":0,"5":0,"6":0,"7":0,"8":0},"f":{"0":0,"1":0},"b":{}}
,"/Users/tima12/Documents/projects/DRM/apps/api/src/languages/languages.service.ts": {"path":"/Users/tima12/Documents/projects/DRM/apps/api/src/languages/languages.service.ts","statementMap":{"0":{"start":{"line":1,"column":0},"end":{"line":1,"column":44}},"1":{"start":{"line":2,"column":0},"end":{"line":2,"column":57}},"2":{"start":{"line":6,"column":7},"end":{"line":41,"column":null}},"3":{"start":{"line":7,"column":22},"end":{"line":7,"column":30}},"4":{"start":{"line":10,"column":4},"end":{"line":12,"column":7}},"5":{"start":{"line":16,"column":4},"end":{"line":22,"column":7}},"6":{"start":{"line":26,"column":4},"end":{"line":33,"column":7}},"7":{"start":{"line":37,"column":4},"end":{"line":39,"column":7}},"8":{"start":{"line":6,"column":13},"end":{"line":6,"column":29}},"9":{"start":{"line":6,"column":13},"end":{"line":41,"column":null}}},"fnMap":{"0":{"name":"(anonymous_2)","decl":{"start":{"line":7,"column":2},"end":{"line":7,"column":22}},"loc":{"start":{"line":7,"column":43},"end":{"line":7,"column":47}}},"1":{"name":"(anonymous_3)","decl":{"start":{"line":9,"column":2},"end":{"line":9,"column":9}},"loc":{"start":{"line":9,"column":9},"end":{"line":13,"column":3}}},"2":{"name":"(anonymous_4)","decl":{"start":{"line":15,"column":2},"end":{"line":15,"column":8}},"loc":{"start":{"line":15,"column":31},"end":{"line":23,"column":3}}},"3":{"name":"(anonymous_5)","decl":{"start":{"line":25,"column":2},"end":{"line":25,"column":8}},"loc":{"start":{"line":25,"column":43},"end":{"line":34,"column":3}}},"4":{"name":"(anonymous_6)","decl":{"start":{"line":36,"column":2},"end":{"line":36,"column":8}},"loc":{"start":{"line":36,"column":19},"end":{"line":40,"column":3}}}},"branchMap":{"0":{"loc":{"start":{"line":19,"column":14},"end":{"line":19,"column":30}},"type":"binary-expr","locations":[{"start":{"line":19,"column":14},"end":{"line":19,"column":22}},{"start":{"line":19,"column":26},"end":{"line":19,"column":30}}]},"1":{"loc":{"start":{"line":20,"column":19},"end":{"line":20,"column":37}},"type":"binary-expr","locations":[{"start":{"line":20,"column":19},"end":{"line":20,"column":32}},{"start":{"line":20,"column":36},"end":{"line":20,"column":37}}]},"2":{"loc":{"start":{"line":29,"column":12},"end":{"line":29,"column":56}},"type":"binary-expr","locations":[{"start":{"line":29,"column":12},"end":{"line":29,"column":34}},{"start":{"line":29,"column":38},"end":{"line":29,"column":56}}]},"3":{"loc":{"start":{"line":30,"column":12},"end":{"line":30,"column":56}},"type":"binary-expr","locations":[{"start":{"line":30,"column":12},"end":{"line":30,"column":34}},{"start":{"line":30,"column":38},"end":{"line":30,"column":56}}]},"4":{"loc":{"start":{"line":31,"column":12},"end":{"line":31,"column":71}},"type":"binary-expr","locations":[{"start":{"line":31,"column":12},"end":{"line":31,"column":39}},{"start":{"line":31,"column":43},"end":{"line":31,"column":71}}]}},"s":{"0":0,"1":0,"2":0,"3":0,"4":0,"5":0,"6":0,"7":0,"8":0,"9":0},"f":{"0":0,"1":0,"2":0,"3":0,"4":0},"b":{"0":[0,0],"1":[0,0],"2":[0,0],"3":[0,0],"4":[0,0]}}
,"/Users/tima12/Documents/projects/DRM/apps/api/src/languages/dto/language.dto.ts": {"path":"/Users/tima12/Documents/projects/DRM/apps/api/src/languages/dto/language.dto.ts","statementMap":{"0":{"start":{"line":1,"column":0},"end":{"line":1,"column":76}},"1":{"start":{"line":3,"column":0},"end":{"line":3,"column":13}},"2":{"start":{"line":6,"column":2},"end":{"line":6,"column":null}},"3":{"start":{"line":10,"column":2},"end":{"line":10,"column":null}},"4":{"start":{"line":14,"column":2},"end":{"line":14,"column":null}},"5":{"start":{"line":17,"column":0},"end":{"line":17,"column":13}},"6":{"start":{"line":21,"column":2},"end":{"line":21,"column":null}},"7":{"start":{"line":25,"column":2},"end":{"line":25,"column":null}},"8":{"start":{"line":29,"column":2},"end":{"line":29,"column":null}}},"fnMap":{},"branchMap":{},"s":{"0":0,"1":0,"2":0,"3":0,"4":0,"5":0,"6":0,"7":0,"8":0},"f":{},"b":{}}
,"/Users/tima12/Documents/projects/DRM/apps/api/src/menu-items/menu-items.controller.ts": {"path":"/Users/tima12/Documents/projects/DRM/apps/api/src/menu-items/menu-items.controller.ts","statementMap":{"0":{"start":{"line":1,"column":0},"end":{"line":1,"column":null}},"1":{"start":{"line":15,"column":0},"end":{"line":15,"column":79}},"2":{"start":{"line":16,"column":0},"end":{"line":16,"column":59}},"3":{"start":{"line":17,"column":0},"end":{"line":17,"column":56}},"4":{"start":{"line":18,"column":0},"end":{"line":18,"column":null}},"5":{"start":{"line":25,"column":0},"end":{"line":25,"column":54}},"6":{"start":{"line":26,"column":0},"end":{"line":26,"column":81}},"7":{"start":{"line":27,"column":0},"end":{"line":27,"column":84}},"8":{"start":{"line":28,"column":0},"end":{"line":28,"column":74}},"9":{"start":{"line":34,"column":7},"end":{"line":91,"column":null}},"10":{"start":{"line":35,"column":31},"end":{"line":35,"column":49}},"11":{"start":{"line":39,"column":4},"end":{"line":39,"column":59}},"12":{"start":{"line":44,"column":4},"end":{"line":44,"column":71}},"13":{"start":{"line":49,"column":4},"end":{"line":49,"column":63}},"14":{"start":{"line":54,"column":4},"end":{"line":54,"column":63}},"15":{"start":{"line":59,"column":4},"end":{"line":59,"column":59}},"16":{"start":{"line":68,"column":4},"end":{"line":68,"column":63}},"17":{"start":{"line":82,"column":4},"end":{"line":82,"column":65}},"18":{"start":{"line":82,"column":15},"end":{"line":82,"column":65}},"19":{"start":{"line":83,"column":22},"end":{"line":83,"column":49}},"20":{"start":{"line":84,"column":4},"end":{"line":84,"column":75}},"21":{"start":{"line":89,"column":4},"end":{"line":89,"column":58}},"22":{"start":{"line":34,"column":13},"end":{"line":34,"column":32}},"23":{"start":{"line":38,"column":2},"end":{"line":40,"column":null}},"24":{"start":{"line":43,"column":2},"end":{"line":45,"column":null}},"25":{"start":{"line":48,"column":2},"end":{"line":50,"column":null}},"26":{"start":{"line":53,"column":2},"end":{"line":55,"column":null}},"27":{"start":{"line":58,"column":2},"end":{"line":60,"column":null}},"28":{"start":{"line":63,"column":2},"end":{"line":69,"column":null}},"29":{"start":{"line":77,"column":8},"end":{"line":85,"column":null}},"30":{"start":{"line":88,"column":2},"end":{"line":90,"column":null}},"31":{"start":{"line":34,"column":13},"end":{"line":91,"column":null}}},"fnMap":{"0":{"name":"(anonymous_4)","decl":{"start":{"line":35,"column":2},"end":{"line":35,"column":31}},"loc":{"start":{"line":35,"column":65},"end":{"line":35,"column":69}}},"1":{"name":"(anonymous_5)","decl":{"start":{"line":38,"column":2},"end":{"line":38,"column":8}},"loc":{"start":{"line":38,"column":82},"end":{"line":40,"column":3}}},"2":{"name":"(anonymous_6)","decl":{"start":{"line":43,"column":2},"end":{"line":43,"column":9}},"loc":{"start":{"line":43,"column":86},"end":{"line":45,"column":3}}},"3":{"name":"(anonymous_7)","decl":{"start":{"line":48,"column":2},"end":{"line":48,"column":12}},"loc":{"start":{"line":48,"column":90},"end":{"line":50,"column":3}}},"4":{"name":"(anonymous_8)","decl":{"start":{"line":53,"column":2},"end":{"line":53,"column":12}},"loc":{"start":{"line":53,"column":90},"end":{"line":55,"column":3}}},"5":{"name":"(anonymous_9)","decl":{"start":{"line":58,"column":2},"end":{"line":58,"column":9}},"loc":{"start":{"line":58,"column":76},"end":{"line":60,"column":3}}},"6":{"name":"(anonymous_10)","decl":{"start":{"line":63,"column":2},"end":{"line":63,"column":8}},"loc":{"start":{"line":66,"column":34},"end":{"line":69,"column":3}}},"7":{"name":"(anonymous_11)","decl":{"start":{"line":77,"column":2},"end":{"line":77,"column":7}},"loc":{"start":{"line":80,"column":45},"end":{"line":85,"column":3}}},"8":{"name":"(anonymous_12)","decl":{"start":{"line":88,"column":2},"end":{"line":88,"column":8}},"loc":{"start":{"line":88,"column":75},"end":{"line":90,"column":3}}}},"branchMap":{"0":{"loc":{"start":{"line":82,"column":4},"end":{"line":82,"column":65}},"type":"if","locations":[{"start":{"line":82,"column":4},"end":{"line":82,"column":65}}]}},"s":{"0":0,"1":0,"2":0,"3":0,"4":0,"5":0,"6":0,"7":0,"8":0,"9":0,"10":0,"11":0,"12":0,"13":0,"14":0,"15":0,"16":0,"17":0,"18":0,"19":0,"20":0,"21":0,"22":0,"23":0,"24":0,"25":0,"26":0,"27":0,"28":0,"29":0,"30":0,"31":0},"f":{"0":0,"1":0,"2":0,"3":0,"4":0,"5":0,"6":0,"7":0,"8":0},"b":{"0":[0]}}
,"/Users/tima12/Documents/projects/DRM/apps/api/src/menu-items/menu-items.service.ts": {"path":"/Users/tima12/Documents/projects/DRM/apps/api/src/menu-items/menu-items.service.ts","statementMap":{"0":{"start":{"line":1,"column":0},"end":{"line":1,"column":63}},"1":{"start":{"line":2,"column":0},"end":{"line":2,"column":40}},"2":{"start":{"line":3,"column":0},"end":{"line":3,"column":57}},"3":{"start":{"line":4,"column":0},"end":{"line":4,"column":82}},"4":{"start":{"line":5,"column":0},"end":{"line":5,"column":73}},"5":{"start":{"line":15,"column":7},"end":{"line":268,"column":null}},"6":{"start":{"line":17,"column":12},"end":{"line":17,"column":20}},"7":{"start":{"line":18,"column":12},"end":{"line":18,"column":19}},"8":{"start":{"line":22,"column":16},"end":{"line":22,"column":89}},"9":{"start":{"line":23,"column":4},"end":{"line":23,"column":54}},"10":{"start":{"line":24,"column":4},"end":{"line":42,"column":7}},"11":{"start":{"line":33,"column":51},"end":{"line":37,"column":16}},"12":{"start":{"line":46,"column":37},"end":{"line":48,"column":6}},"13":{"start":{"line":49,"column":4},"end":{"line":51,"column":5}},"14":{"start":{"line":50,"column":6},"end":{"line":50,"column":60}},"15":{"start":{"line":52,"column":4},"end":{"line":54,"column":5}},"16":{"start":{"line":53,"column":6},"end":{"line":53,"column":70}},"17":{"start":{"line":55,"column":4},"end":{"line":59,"column":5}},"18":{"start":{"line":56,"column":6},"end":{"line":56,"column":56}},"19":{"start":{"line":57,"column":11},"end":{"line":59,"column":5}},"20":{"start":{"line":58,"column":6},"end":{"line":58,"column":57}},"21":{"start":{"line":60,"column":4},"end":{"line":72,"column":5}},"22":{"start":{"line":61,"column":21},"end":{"line":61,"column":38}},"23":{"start":{"line":62,"column":6},"end":{"line":71,"column":8}},"24":{"start":{"line":73,"column":4},"end":{"line":73,"column":44}},"25":{"start":{"line":77,"column":16},"end":{"line":77,"column":63}},"26":{"start":{"line":78,"column":4},"end":{"line":93,"column":5}},"27":{"start":{"line":80,"column":8},"end":{"line":80,"column":73}},"28":{"start":{"line":82,"column":8},"end":{"line":82,"column":74}},"29":{"start":{"line":84,"column":8},"end":{"line":84,"column":74}},"30":{"start":{"line":86,"column":8},"end":{"line":86,"column":63}},"31":{"start":{"line":88,"column":8},"end":{"line":88,"column":85}},"32":{"start":{"line":90,"column":8},"end":{"line":90,"column":68}},"33":{"start":{"line":92,"column":8},"end":{"line":92,"column":70}},"34":{"start":{"line":97,"column":17},"end":{"line":97,"column":30}},"35":{"start":{"line":98,"column":21},"end":{"line":98,"column":39}},"36":{"start":{"line":99,"column":19},"end":{"line":99,"column":39}},"37":{"start":{"line":100,"column":20},"end":{"line":100,"column":40}},"38":{"start":{"line":101,"column":19},"end":{"line":101,"column":40}},"39":{"start":{"line":102,"column":21},"end":{"line":102,"column":67}},"40":{"start":{"line":103,"column":21},"end":{"line":103,"column":65}},"41":{"start":{"line":105,"column":22},"end":{"line":112,"column":6}},"42":{"start":{"line":113,"column":18},"end":{"line":113,"column":42}},"43":{"start":{"line":115,"column":4},"end":{"line":117,"column":5}},"44":{"start":{"line":116,"column":6},"end":{"line":116,"column":37}},"45":{"start":{"line":119,"column":19},"end":{"line":131,"column":6}},"46":{"start":{"line":133,"column":16},"end":{"line":133,"column":39}},"47":{"start":{"line":133,"column":34},"end":{"line":133,"column":38}},"48":{"start":{"line":134,"column":4},"end":{"line":136,"column":5}},"49":{"start":{"line":135,"column":6},"end":{"line":135,"column":34}},"50":{"start":{"line":138,"column":18},"end":{"line":141,"column":6}},"51":{"start":{"line":142,"column":21},"end":{"line":142,"column":57}},"52":{"start":{"line":142,"column":48},"end":{"line":142,"column":55}},"53":{"start":{"line":143,"column":4},"end":{"line":143,"column":70}},"54":{"start":{"line":143,"column":26},"end":{"line":143,"column":67}},"55":{"start":{"line":144,"column":4},"end":{"line":144,"column":28}},"56":{"start":{"line":148,"column":17},"end":{"line":154,"column":6}},"57":{"start":{"line":155,"column":4},"end":{"line":155,"column":66}},"58":{"start":{"line":155,"column":15},"end":{"line":155,"column":66}},"59":{"start":{"line":156,"column":4},"end":{"line":156,"column":16}},"60":{"start":{"line":160,"column":17},"end":{"line":160,"column":53}},"61":{"start":{"line":161,"column":4},"end":{"line":163,"column":5}},"62":{"start":{"line":162,"column":6},"end":{"line":162,"column":80}},"63":{"start":{"line":164,"column":19},"end":{"line":166,"column":6}},"64":{"start":{"line":167,"column":4},"end":{"line":167,"column":69}},"65":{"start":{"line":167,"column":16},"end":{"line":167,"column":69}},"66":{"start":{"line":168,"column":4},"end":{"line":173,"column":5}},"67":{"start":{"line":169,"column":21},"end":{"line":171,"column":8}},"68":{"start":{"line":172,"column":6},"end":{"line":172,"column":71}},"69":{"start":{"line":172,"column":18},"end":{"line":172,"column":71}},"70":{"start":{"line":174,"column":4},"end":{"line":195,"column":7}},"71":{"start":{"line":186,"column":49},"end":{"line":190,"column":14}},"72":{"start":{"line":199,"column":17},"end":{"line":199,"column":53}},"73":{"start":{"line":200,"column":16},"end":{"line":200,"column":89}},"74":{"start":{"line":201,"column":4},"end":{"line":201,"column":63}},"75":{"start":{"line":201,"column":13},"end":{"line":201,"column":63}},"76":{"start":{"line":202,"column":4},"end":{"line":206,"column":7}},"77":{"start":{"line":210,"column":17},"end":{"line":210,"column":53}},"78":{"start":{"line":211,"column":16},"end":{"line":211,"column":89}},"79":{"start":{"line":212,"column":4},"end":{"line":212,"column":63}},"80":{"start":{"line":212,"column":13},"end":{"line":212,"column":63}},"81":{"start":{"line":213,"column":4},"end":{"line":213,"column":58}},"82":{"start":{"line":217,"column":18},"end":{"line":223,"column":6}},"83":{"start":{"line":224,"column":4},"end":{"line":228,"column":5}},"84":{"start":{"line":225,"column":23},"end":{"line":225,"column":78}},"85":{"start":{"line":225,"column":72},"end":{"line":225,"column":76}},"86":{"start":{"line":226,"column":22},"end":{"line":226,"column":63}},"87":{"start":{"line":226,"column":45},"end":{"line":226,"column":62}},"88":{"start":{"line":227,"column":6},"end":{"line":227,"column":81}},"89":{"start":{"line":229,"column":24},"end":{"line":229,"column":41}},"90":{"start":{"line":230,"column":4},"end":{"line":230,"column":89}},"91":{"start":{"line":230,"column":49},"end":{"line":230,"column":87}},"92":{"start":{"line":231,"column":4},"end":{"line":234,"column":5}},"93":{"start":{"line":232,"column":18},"end":{"line":232,"column":91}},"94":{"start":{"line":233,"column":6},"end":{"line":233,"column":38}},"95":{"start":{"line":235,"column":62},"end":{"line":235,"column":64}},"96":{"start":{"line":236,"column":4},"end":{"line":236,"column":65}},"97":{"start":{"line":236,"column":32},"end":{"line":236,"column":65}},"98":{"start":{"line":237,"column":4},"end":{"line":237,"column":59}},"99":{"start":{"line":237,"column":30},"end":{"line":237,"column":59}},"100":{"start":{"line":238,"column":4},"end":{"line":238,"column":60}},"101":{"start":{"line":238,"column":40},"end":{"line":238,"column":60}},"102":{"start":{"line":239,"column":19},"end":{"line":242,"column":6}},"103":{"start":{"line":243,"column":4},"end":{"line":243,"column":87}},"104":{"start":{"line":243,"column":40},"end":{"line":243,"column":85}},"105":{"start":{"line":244,"column":4},"end":{"line":244,"column":18}},"106":{"start":{"line":248,"column":18},"end":{"line":254,"column":6}},"107":{"start":{"line":255,"column":4},"end":{"line":259,"column":5}},"108":{"start":{"line":256,"column":23},"end":{"line":256,"column":78}},"109":{"start":{"line":256,"column":72},"end":{"line":256,"column":76}},"110":{"start":{"line":257,"column":22},"end":{"line":257,"column":63}},"111":{"start":{"line":257,"column":45},"end":{"line":257,"column":62}},"112":{"start":{"line":258,"column":6},"end":{"line":258,"column":81}},"113":{"start":{"line":260,"column":24},"end":{"line":260,"column":41}},"114":{"start":{"line":261,"column":4},"end":{"line":261,"column":89}},"115":{"start":{"line":261,"column":49},"end":{"line":261,"column":87}},"116":{"start":{"line":262,"column":19},"end":{"line":264,"column":6}},"117":{"start":{"line":265,"column":4},"end":{"line":265,"column":87}},"118":{"start":{"line":265,"column":40},"end":{"line":265,"column":85}},"119":{"start":{"line":266,"column":4},"end":{"line":266,"column":18}},"120":{"start":{"line":15,"column":13},"end":{"line":15,"column":29}},"121":{"start":{"line":15,"column":13},"end":{"line":268,"column":null}}},"fnMap":{"0":{"name":"(anonymous_2)","decl":{"start":{"line":16,"column":2},"end":{"line":16,"column":null}},"loc":{"start":{"line":18,"column":41},"end":{"line":19,"column":6}}},"1":{"name":"(anonymous_3)","decl":{"start":{"line":21,"column":2},"end":{"line":21,"column":7}},"loc":{"start":{"line":21,"column":59},"end":{"line":43,"column":3}}},"2":{"name":"(anonymous_4)","decl":{"start":{"line":33,"column":43},"end":{"line":33,"column":44}},"loc":{"start":{"line":33,"column":51},"end":{"line":37,"column":16}}},"3":{"name":"(anonymous_5)","decl":{"start":{"line":45,"column":10},"end":{"line":45,"column":32}},"loc":{"start":{"line":45,"column":77},"end":{"line":74,"column":3}}},"4":{"name":"(anonymous_6)","decl":{"start":{"line":76,"column":10},"end":{"line":76,"column":32}},"loc":{"start":{"line":76,"column":72},"end":{"line":94,"column":3}}},"5":{"name":"(anonymous_7)","decl":{"start":{"line":96,"column":2},"end":{"line":96,"column":7}},"loc":{"start":{"line":96,"column":69},"end":{"line":145,"column":3}}},"6":{"name":"(anonymous_8)","decl":{"start":{"line":133,"column":27},"end":{"line":133,"column":28}},"loc":{"start":{"line":133,"column":34},"end":{"line":133,"column":38}}},"7":{"name":"(anonymous_9)","decl":{"start":{"line":142,"column":37},"end":{"line":142,"column":38}},"loc":{"start":{"line":142,"column":48},"end":{"line":142,"column":55}}},"8":{"name":"(anonymous_10)","decl":{"start":{"line":143,"column":15},"end":{"line":143,"column":16}},"loc":{"start":{"line":143,"column":26},"end":{"line":143,"column":67}}},"9":{"name":"(anonymous_11)","decl":{"start":{"line":147,"column":2},"end":{"line":147,"column":7}},"loc":{"start":{"line":147,"column":48},"end":{"line":157,"column":3}}},"10":{"name":"(anonymous_12)","decl":{"start":{"line":159,"column":2},"end":{"line":159,"column":7}},"loc":{"start":{"line":159,"column":71},"end":{"line":196,"column":3}}},"11":{"name":"(anonymous_13)","decl":{"start":{"line":186,"column":41},"end":{"line":186,"column":42}},"loc":{"start":{"line":186,"column":49},"end":{"line":190,"column":14}}},"12":{"name":"(anonymous_14)","decl":{"start":{"line":198,"column":2},"end":{"line":198,"column":7}},"loc":{"start":{"line":198,"column":79},"end":{"line":207,"column":3}}},"13":{"name":"(anonymous_15)","decl":{"start":{"line":209,"column":2},"end":{"line":209,"column":7}},"loc":{"start":{"line":209,"column":47},"end":{"line":214,"column":3}}},"14":{"name":"(anonymous_16)","decl":{"start":{"line":216,"column":2},"end":{"line":216,"column":7}},"loc":{"start":{"line":216,"column":67},"end":{"line":245,"column":3}}},"15":{"name":"(anonymous_17)","decl":{"start":{"line":225,"column":41},"end":{"line":225,"column":42}},"loc":{"start":{"line":225,"column":72},"end":{"line":225,"column":76}}},"16":{"name":"(anonymous_18)","decl":{"start":{"line":226,"column":37},"end":{"line":226,"column":38}},"loc":{"start":{"line":226,"column":45},"end":{"line":226,"column":62}}},"17":{"name":"(anonymous_19)","decl":{"start":{"line":230,"column":18},"end":{"line":230,"column":19}},"loc":{"start":{"line":230,"column":49},"end":{"line":230,"column":87}}},"18":{"name":"(anonymous_20)","decl":{"start":{"line":243,"column":24},"end":{"line":243,"column":25}},"loc":{"start":{"line":243,"column":40},"end":{"line":243,"column":85}}},"19":{"name":"(anonymous_21)","decl":{"start":{"line":247,"column":2},"end":{"line":247,"column":7}},"loc":{"start":{"line":247,"column":67},"end":{"line":
[...]
124,"column":25},"end":{"line":124,"column":26}},"loc":{"start":{"line":124,"column":60},"end":{"line":124,"column":122}}},"10":{"name":"(anonymous_12)","decl":{"start":{"line":125,"column":25},"end":{"line":125,"column":26}},"loc":{"start":{"line":125,"column":60},"end":{"line":125,"column":88}}},"11":{"name":"(anonymous_13)","decl":{"start":{"line":139,"column":2},"end":{"line":139,"column":7}},"loc":{"start":{"line":139,"column":92},"end":{"line":169,"column":3}}},"12":{"name":"(anonymous_14)","decl":{"start":{"line":147,"column":62},"end":{"line":147,"column":63}},"loc":{"start":{"line":147,"column":109},"end":{"line":147,"column":117}}},"13":{"name":"(anonymous_15)","decl":{"start":{"line":155,"column":25},"end":{"line":155,"column":26}},"loc":{"start":{"line":155,"column":60},"end":{"line":155,"column":122}}},"14":{"name":"(anonymous_16)","decl":{"start":{"line":156,"column":25},"end":{"line":156,"column":26}},"loc":{"start":{"line":156,"column":60},"end":{"line":156,"column":88}}},"15":{"name":"(anonymous_17)","decl":{"start":{"line":171,"column":2},"end":{"line":171,"column":7}},"loc":{"start":{"line":171,"column":92},"end":{"line":201,"column":3}}},"16":{"name":"(anonymous_18)","decl":{"start":{"line":179,"column":58},"end":{"line":179,"column":59}},"loc":{"start":{"line":179,"column":101},"end":{"line":179,"column":109}}},"17":{"name":"(anonymous_19)","decl":{"start":{"line":187,"column":25},"end":{"line":187,"column":26}},"loc":{"start":{"line":187,"column":60},"end":{"line":187,"column":122}}},"18":{"name":"(anonymous_20)","decl":{"start":{"line":188,"column":25},"end":{"line":188,"column":26}},"loc":{"start":{"line":188,"column":60},"end":{"line":188,"column":88}}},"19":{"name":"(anonymous_21)","decl":{"start":{"line":203,"column":2},"end":{"line":203,"column":7}},"loc":{"start":{"line":203,"column":92},"end":{"line":217,"column":3}}},"20":{"name":"(anonymous_22)","decl":{"start":{"line":219,"column":2},"end":{"line":219,"column":7}},"loc":{"start":{"line":219,"column":93},"end":{"line":233,"column":3}}},"21":{"name":"(anonymous_23)","decl":{"start":{"line":235,"column":2},"end":{"line":235,"column":7}},"loc":{"start":{"line":235,"column":92},"end":{"line":249,"column":3}}}},"branchMap":{"0":{"loc":{"start":{"line":30,"column":4},"end":{"line":30,"column":82}},"type":"if","locations":[{"start":{"line":30,"column":4},"end":{"line":30,"column":82}}]},"1":{"loc":{"start":{"line":30,"column":8},"end":{"line":30,"column":46}},"type":"binary-expr","locations":[{"start":{"line":30,"column":8},"end":{"line":30,"column":24}},{"start":{"line":30,"column":28},"end":{"line":30,"column":46}}]},"2":{"loc":{"start":{"line":31,"column":4},"end":{"line":31,"column":71}},"type":"if","locations":[{"start":{"line":31,"column":4},"end":{"line":31,"column":71}}]},"3":{"loc":{"start":{"line":32,"column":4},"end":{"line":32,"column":75}},"type":"if","locations":[{"start":{"line":32,"column":4},"end":{"line":32,"column":75}}]},"4":{"loc":{"start":{"line":37,"column":4},"end":{"line":37,"column":38}},"type":"if","locations":[{"start":{"line":37,"column":4},"end":{"line":37,"column":38}}]},"5":{"loc":{"start":{"line":39,"column":4},"end":{"line":43,"column":5}},"type":"if","locations":[{"start":{"line":39,"column":4},"end":{"line":43,"column":5}}]},"6":{"loc":{"start":{"line":59,"column":4},"end":{"line":59,"column":120}},"type":"if","locations":[{"start":{"line":59,"column":4},"end":{"line":59,"column":120}}]},"7":{"loc":{"start":{"line":60,"column":23},"end":{"line":60,"column":65}},"type":"binary-expr","locations":[{"start":{"line":60,"column":23},"end":{"line":60,"column":49}},{"start":{"line":60,"column":53},"end":{"line":60,"column":65}}]},"8":{"loc":{"start":{"line":61,"column":23},"end":{"line":61,"column":65}},"type":"binary-expr","locations":[{"start":{"line":61,"column":23},"end":{"line":61,"column":49}},{"start":{"line":61,"column":53},"end":{"line":61,"column":65}}]},"9":{"loc":{"start":{"line":76,"column":4},"end":{"line":79,"column":5}},"type":"if","locations":[{"start":{"line":76,"column":4},"end":{"line":79,"column":5}}]},"10":{"loc":{"start":{"line":81,"column":20},"end":{"line":81,"column":69}},"type":"binary-expr","locations":[{"start":{"line":81,"column":20},"end":{"line":81,"column":63}},{"start":{"line":81,"column":67},"end":{"line":81,"column":69}}]},"11":{"loc":{"start":{"line":88,"column":23},"end":{"line":88,"column":65}},"type":"binary-expr","locations":[{"start":{"line":88,"column":23},"end":{"line":88,"column":49}},{"start":{"line":88,"column":53},"end":{"line":88,"column":65}}]},"12":{"loc":{"start":{"line":89,"column":23},"end":{"line":89,"column":65}},"type":"binary-expr","locations":[{"start":{"line":89,"column":23},"end":{"line":89,"column":49}},{"start":{"line":89,"column":53},"end":{"line":89,"column":65}}]},"13":{"loc":{"start":{"line":92,"column":23},"end":{"line":92,"column":59}},"type":"binary-expr","locations":[{"start":{"line":92,"column":23},"end":{"line":92,"column":53}},{"start":{"line":92,"column":57},"end":{"line":92,"column":59}}]},"14":{"loc":{"start":{"line":97,"column":4},"end":{"line":97,"column":33}},"type":"if","locations":[{"start":{"line":97,"column":4},"end":{"line":97,"column":33}}]},"15":{"loc":{"start":{"line":101,"column":6},"end":{"line":101,"column":100}},"type":"if","locations":[{"start":{"line":101,"column":6},"end":{"line":101,"column":100}}]},"16":{"loc":{"start":{"line":104,"column":18},"end":{"line":104,"column":66}},"type":"cond-expr","locations":[{"start":{"line":104,"column":41},"end":{"line":104,"column":52}},{"start":{"line":104,"column":55},"end":{"line":104,"column":66}}]},"17":{"loc":{"start":{"line":114,"column":4},"end":{"line":114,"column":57}},"type":"if","locations":[{"start":{"line":114,"column":4},"end":{"line":114,"column":57}}]},"18":{"loc":{"start":{"line":119,"column":4},"end":{"line":119,"column":70}},"type":"if","locations":[{"start":{"line":119,"column":4},"end":{"line":119,"column":70}}]},"19":{"loc":{"start":{"line":123,"column":24},"end":{"line":125,"column":89}},"type":"cond-expr","locations":[{"start":{"line":124,"column":8},"end":{"line":124,"column":123}},{"start":{"line":125,"column":8},"end":{"line":125,"column":89}}]},"20":{"loc":{"start":{"line":124,"column":60},"end":{"line":124,"column":122}},"type":"binary-expr","locations":[{"start":{"line":124,"column":60},"end":{"line":124,"column":90}},{"start":{"line":124,"column":94},"end":{"line":124,"column":122}}]},"21":{"loc":{"start":{"line":144,"column":4},"end":{"line":144,"column":57}},"type":"if","locations":[{"start":{"line":144,"column":4},"end":{"line":144,"column":57}}]},"22":{"loc":{"start":{"line":149,"column":4},"end":{"line":149,"column":71}},"type":"if","locations":[{"start":{"line":149,"column":4},"end":{"line":149,"column":71}}]},"23":{"loc":{"start":{"line":152,"column":23},"end":{"line":152,"column":49}},"type":"binary-expr","locations":[{"start":{"line":152,"column":23},"end":{"line":152,"column":43}},{"start":{"line":152,"column":47},"end":{"line":152,"column":49}}]},"24":{"loc":{"start":{"line":154,"column":24},"end":{"line":156,"column":89}},"type":"cond-expr","locations":[{"start":{"line":155,"column":8},"end":{"line":155,"column":123}},{"start":{"line":156,"column":8},"end":{"line":156,"column":89}}]},"25":{"loc":{"start":{"line":155,"column":60},"end":{"line":155,"column":122}},"type":"binary-expr","locations":[{"start":{"line":155,"column":60},"end":{"line":155,"column":90}},{"start":{"line":155,"column":94},"end":{"line":155,"column":122}}]},"26":{"loc":{"start":{"line":161,"column":26},"end":{"line":161,"column":103}},"type":"cond-expr","locations":[{"start":{"line":161,"column":39},"end":{"line":161,"column":96}},{"start":{"line":161,"column":99},"end":{"line":161,"column":103}}]},"27":{"loc":{"start":{"line":176,"column":4},"end":{"line":176,"column":53}},"type":"if","locations":[{"start":{"line":176,"column":4},"end":{"line":176,"column":53}}]},"28":{"loc":{"start":{"line":181,"column":4},"end":{"line":181,"column":71}},"type":"if","locations":[{"start":{"line":181,"column":4},"end":{"line":181,"column":71}}]},"29":{"loc":{"start":{"line":184,"column":23},"end":{"line":184,"column":49}},"type":"binary-expr","locations":[{"start":{"line":184,"column":23},"end":{"line":184,"column":43}},{"start":{"line":184,"column":47},"end":{"line":184,"column":49}}]},"30":{"loc":{"start":{"line":186,"column":24},"end":{"line":188,"column":89}},"type":"cond-expr","locations":[{"start":{"line":187,"column":8},"end":{"line":187,"column":123}},{"start":{"line":188,"column":8},"end":{"line":188,"column":89}}]},"31":{"loc":{"start":{"line":187,"column":60},"end":{"line":187,"column":122}},"type":"binary-expr","locations":[{"start":{"line":187,"column":60},"end":{"line":187,"column":90}},{"start":{"line":187,"column":94},"end":{"line":187,"column":122}}]},"32":{"loc":{"start":{"line":193,"column":26},"end":{"line":193,"column":103}},"type":"cond-expr","locations":[{"start":{"line":193,"column":39},"end":{"line":193,"column":96}},{"start":{"line":193,"column":99},"end":{"line":193,"column":103}}]},"33":{"loc":{"start":{"line":212,"column":19},"end":{"line":212,"column":61}},"type":"cond-expr","locations":[{"start":{"line":212,"column":40},"end":{"line":212,"column":49}},{"start":{"line":212,"column":52},"end":{"line":212,"column":61}}]},"34":{"loc":{"start":{"line":228,"column":19},"end":{"line":228,"column":61}},"type":"cond-expr","locations":[{"start":{"line":228,"column":40},"end":{"line":228,"column":49}},{"start":{"line":228,"column":52},"end":{"line":228,"column":61}}]},"35":{"loc":{"start":{"line":244,"column":19},"end":{"line":244,"column":61}},"type":"cond-expr","locations":[{"start":{"line":244,"column":40},"end":{"line":244,"column":49}},{"start":{"line":244,"column":52},"end":{"line":244,"column":61}}]}},"s":{"0":0,"1":0,"2":0,"3":0,"4":0,"5":0,"6":0,"7":0,"8":0,"9":0,"10":0,"11":0,"12":0,"13":0,"14":0,"15":0,"16":0,"17":0,"18":0,"19":0,"20":0,"21":0,"22":0,"23":0,"24":0,"25":0,"26":0,"27":0,"28":0,"29":0,"30":0,"31":0,"32":0,"33":0,"34":0,"35":0,"36":0,"37":0,"38":0,"39":0,"40":0,"41":0,"42":0,"43":0,"44":0,"45":0,"46":0,"47":0,"48":0,"49":0,"50":0,"51":0,"52":0,"53":0,"54":0,"55":0,"56":0,"57":0,"58":0,"59":0,"60":0,"61":0,"62":0,"63":0,"64":0,"65":0,"66":0,"67":0,"68":0,"69":0,"70":0,"71":0,"72":0,"73":0,"74":0,"75":0,"76":0,"77":0,"78":0,"79":0,"80":0,"81":0,"82":0,"83":0,"84":0,"85":0,"86":0,"87":0,"88":0,"89":0,"90":0,"91":0,"92":0,"93":0,"94":0,"95":0,"96":0,"97":0,"98":0,"99":0,"100":0,"101":0,"102":0,"103":0,"104":0,"105":0,"106":0,"107":0,"108":0,"109":0,"110":0,"111":0,"112":0,"113":0,"114":0,"115":0,"116":0,"117":0,"118":0,"119":0,"120":0,"121":0,"122":0,"123":0,"124":0,"125":0,"126":0,"127":0,"128":0,"129":0,"130":0,"131":0,"132":0,"133":0,"134":0,"135":0,"136":0,"137":0,"138":0,"139":0,"140":0,"141":0,"142":0,"143":0,"144":0,"145":0,"146":0,"147":0,"148":0,"149":0,"150":0},"f":{"0":0,"1":0,"2":0,"3":0,"4":0,"5":0,"6":0,"7":0,"8":0,"9":0,"10":0,"11":0,"12":0,"13":0,"14":0,"15":0,"16":0,"17":0,"18":0,"19":0,"20":0,"21":0},"b":{"0":[0],"1":[0,0],"2":[0],"3":[0],"4":[0],"5":[0],"6":[0],"7":[0,0],"8":[0,0],"9":[0],"10":[0,0],"11":[0,0],"12":[0,0],"13":[0,0],"14":[0],"15":[0],"16":[0,0],"17":[0],"18":[0],"19":[0,0],"20":[0,0],"21":[0],"22":[0],"23":[0,0],"24":[0,0],"25":[0,0],"26":[0,0],"27":[0],"28":[0],"29":[0,0],"30":[0,0],"31":[0,0],"32":[0,0],"33":[0,0],"34":[0,0],"35":[0,0]}}
,"/Users/tima12/Documents/projects/DRM/apps/api/src/types/express.d.ts": {"path":"/Users/tima12/Documents/projects/DRM/apps/api/src/types/express.d.ts","statementMap":{},"fnMap":{},"branchMap":{},"s":{},"f":{},"b":{}}
,"/Users/tima12/Documents/projects/DRM/apps/api/src/users/users.controller.ts": {"path":"/Users/tima12/Documents/projects/DRM/apps/api/src/users/users.controller.ts","statementMap":{"0":{"start":{"line":1,"column":0},"end":{"line":1,"column":94}},"1":{"start":{"line":2,"column":0},"end":{"line":2,"column":57}},"2":{"start":{"line":3,"column":0},"end":{"line":3,"column":54}},"3":{"start":{"line":4,"column":0},"end":{"line":4,"column":47}},"4":{"start":{"line":5,"column":0},"end":{"line":5,"column":54}},"5":{"start":{"line":6,"column":0},"end":{"line":6,"column":54}},"6":{"start":{"line":12,"column":7},"end":{"line":34,"column":null}},"7":{"start":{"line":13,"column":31},"end":{"line":13,"column":45}},"8":{"start":{"line":17,"column":4},"end":{"line":17,"column":39}},"9":{"start":{"line":22,"column":4},"end":{"line":22,"column":41}},"10":{"start":{"line":27,"column":4},"end":{"line":27,"column":45}},"11":{"start":{"line":32,"column":4},"end":{"line":32,"column":40}},"12":{"start":{"line":12,"column":13},"end":{"line":12,"column":28}},"13":{"start":{"line":16,"column":2},"end":{"line":18,"column":null}},"14":{"start":{"line":21,"column":2},"end":{"line":23,"column":null}},"15":{"start":{"line":26,"column":2},"end":{"line":28,"column":null}},"16":{"start":{"line":31,"column":2},"end":{"line":33,"column":null}},"17":{"start":{"line":12,"column":13},"end":{"line":34,"column":null}}},"fnMap":{"0":{"name":"(anonymous_4)","decl":{"start":{"line":13,"column":2},"end":{"line":13,"column":31}},"loc":{"start":{"line":13,"column":57},"end":{"line":13,"column":61}}},"1":{"name":"(anonymous_5)","decl":{"start":{"line":16,"column":2},"end":{"line":16,"column":9}},"loc":{"start":{"line":16,"column":9},"end":{"line":18,"column":3}}},"2":{"name":"(anonymous_6)","decl":{"start":{"line":21,"column":2},"end":{"line":21,"column":8}},"loc":{"start":{"line":21,"column":35},"end":{"line":23,"column":3}}},"3":{"name":"(anonymous_7)","decl":{"start":{"line":26,"column":2},"end":{"line":26,"column":8}},"loc":{"start":{"line":26,"column":60},"end":{"line":28,"column":3}}},"4":{"name":"(anonymous_8)","decl":{"start":{"line":31,"column":2},"end":{"line":31,"column":8}},"loc":{"start":{"line":31,"column":32},"end":{"line":33,"column":3}}}},"branchMap":{},"s":{"0":0,"1":0,"2":0,"3":0,"4":0,"5":0,"6":0,"7":0,"8":0,"9":0,"10":0,"11":0,"12":0,"13":0,"14":0,"15":0,"16":0,"17":0},"f":{"0":0,"1":0,"2":0,"3":0,"4":0},"b":{}}
,"/Users/tima12/Documents/projects/DRM/apps/api/src/users/users.service.ts": {"path":"/Users/tima12/Documents/projects/DRM/apps/api/src/users/users.service.ts","statementMap":{"0":{"start":{"line":1,"column":0},"end":{"line":1,"column":82}},"1":{"start":{"line":2,"column":0},"end":{"line":2,"column":33}},"2":{"start":{"line":3,"column":0},"end":{"line":3,"column":57}},"3":{"start":{"line":8,"column":7},"end":{"line":51,"column":null}},"4":{"start":{"line":9,"column":22},"end":{"line":9,"column":30}},"5":{"start":{"line":12,"column":4},"end":{"line":15,"column":7}},"6":{"start":{"line":19,"column":21},"end":{"line":19,"column":87}},"7":{"start":{"line":20,"column":4},"end":{"line":20,"column":91}},"8":{"start":{"line":20,"column":18},"end":{"line":20,"column":91}},"9":{"start":{"line":21,"column":25},"end":{"line":21,"column":60}},"10":{"start":{"line":22,"column":17},"end":{"line":25,"column":6}},"11":{"start":{"line":26,"column":4},"end":{"line":26,"column":16}},"12":{"start":{"line":30,"column":17},"end":{"line":30,"column":69}},"13":{"start":{"line":31,"column":4},"end":{"line":31,"column":69}},"14":{"start":{"line":31,"column":15},"end":{"line":31,"column":69}},"15":{"start":{"line":32,"column":4},"end":{"line":35,"column":5}},"16":{"start":{"line":33,"column":23},"end":{"line":33,"column":89}},"17":{"start":{"line":34,"column":6},"end":{"line":34,"column":93}},"18":{"start":{"line":34,"column":20},"end":{"line":34,"column":93}},"19":{"start":{"line":36,"column":60},"end":{"line":36,"column":62}},"20":{"start":{"line":37,"column":4},"end":{"line":37,"column":56}},"21":{"start":{"line":37,"column":33},"end":{"line":37,"column":56}},"22":{"start":{"line":38,"column":4},"end":{"line":38,"column":92}},"23":{"start":{"line":38,"column":36},"end":{"line":38,"column":92}},"24":{"start":{"line":39,"column":4},"end":{"line":43,"column":7}},"25":{"start":{"line":47,"column":17},"end":{"line":47,"column":69}},"26":{"start":{"line":48,"column":4},"end":{"line":48,"column":69}},"27":{"start":{"line":48,"column":15},"end":{"line":48,"column":69}},"28":{"start":{"line":49,"column":4},"end":{"line":49,"column":53}},"29":{"start":{"line":8,"column":13},"end":{"line":8,"column":25}},"30":{"start":{"line":8,"column":13},"end":{"line":51,"column":null}}},"fnMap":{"0":{"name":"(anonymous_2)","decl":{"start":{"line":9,"column":2},"end":{"line":9,"column":22}},"loc":{"start":{"line":9,"column":43},"end":{"line":9,"column":47}}},"1":{"name":"(anonymous_3)","decl":{"start":{"line":11,"column":2},"end":{"line":11,"column":7}},"loc":{"start":{"line":11,"column":15},"end":{"line":16,"column":3}}},"2":{"name":"(anonymous_4)","decl":{"start":{"line":18,"column":2},"end":{"line":18,"column":7}},"loc":{"start":{"line":18,"column":33},"end":{"line":27,"column":3}}},"3":{"name":"(anonymous_5)","decl":{"start":{"line":29,"column":2},"end":{"line":29,"column":7}},"loc":{"start":{"line":29,"column":45},"end":{"line":44,"column":3}}},"4":{"name":"(anonymous_6)","decl":{"start":{"line":46,"column":2},"end":{"line":46,"column":7}},"loc":{"start":{"line":46,"column":25},"end":{"line":50,"column":3}}}},"branchMap":{"0":{"loc":{"start":{"line":20,"column":4},"end":{"line":20,"column":91}},"type":"if","locations":[{"start":{"line":20,"column":4},"end":{"line":20,"column":91}}]},"1":{"loc":{"start":{"line":31,"column":4},"end":{"line":31,"column":69}},"type":"if","locations":[{"start":{"line":31,"column":4},"end":{"line":31,"column":69}}]},"2":{"loc":{"start":{"line":32,"column":4},"end":{"line":35,"column":5}},"type":"if","locations":[{"start":{"line":32,"column":4},"end":{"line":35,"column":5}}]},"3":{"loc":{"start":{"line":32,"column":8},"end":{"line":32,"column":59}},"type":"binary-expr","locations":[{"start":{"line":32,"column":8},"end":{"line":32,"column":31}},{"start":{"line":32,"column":35},"end":{"line":32,"column":59}}]},"4":{"loc":{"start":{"line":34,"column":6},"end":{"line":34,"column":93}},"type":"if","locations":[{"start":{"line":34,"column":6},"end":{"line":34,"column":93}}]},"5":{"loc":{"start":{"line":37,"column":4},"end":{"line":37,"column":56}},"type":"if","locations":[{"start":{"line":37,"column":4},"end":{"line":37,"column":56}}]},"6":{"loc":{"start":{"line":38,"column":4},"end":{"line":38,"column":92}},"type":"if","locations":[{"start":{"line":38,"column":4},"end":{"line":38,"column":92}}]},"7":{"loc":{"start":{"line":48,"column":4},"end":{"line":48,"column":69}},"type":"if","locations":[{"start":{"line":48,"column":4},"end":{"line":48,"column":69}}]}},"s":{"0":0,"1":0,"2":0,"3":0,"4":0,"5":0,"6":0,"7":0,"8":0,"9":0,"10":0,"11":0,"12":0,"13":0,"14":0,"15":0,"16":0,"17":0,"18":0,"19":0,"20":0,"21":0,"22":0,"23":0,"24":0,"25":0,"26":0,"27":0,"28":0,"29":0,"30":0},"f":{"0":0,"1":0,"2":0,"3":0,"4":0},"b":{"0":[0],"1":[0],"2":[0],"3":[0,0],"4":[0],"5":[0],"6":[0],"7":[0]}}
,"/Users/tima12/Documents/projects/DRM/apps/api/src/users/dto/create-user.dto.ts": {"path":"/Users/tima12/Documents/projects/DRM/apps/api/src/users/dto/create-user.dto.ts","statementMap":{"0":{"start":{"line":1,"column":0},"end":{"line":1,"column":63}},"1":{"start":{"line":3,"column":0},"end":{"line":3,"column":13}},"2":{"start":{"line":5,"column":2},"end":{"line":5,"column":null}},"3":{"start":{"line":9,"column":2},"end":{"line":9,"column":null}}},"fnMap":{},"branchMap":{},"s":{"0":0,"1":0,"2":0,"3":0},"f":{},"b":{}}
,"/Users/tima12/Documents/projects/DRM/apps/api/src/users/dto/update-user.dto.ts": {"path":"/Users/tima12/Documents/projects/DRM/apps/api/src/users/dto/update-user.dto.ts","statementMap":{"0":{"start":{"line":1,"column":0},"end":{"line":1,"column":75}},"1":{"start":{"line":3,"column":0},"end":{"line":3,"column":13}},"2":{"start":{"line":6,"column":2},"end":{"line":6,"column":null}},"3":{"start":{"line":11,"column":2},"end":{"line":11,"column":null}}},"fnMap":{},"branchMap":{},"s":{"0":0,"1":0,"2":0,"3":0},"f":{},"b":{}}
}
