TN:
SF:src/auth/auth.controller.ts
FN:9,(anonymous_4)
FN:13,(anonymous_5)
FNF:2
FNH:0
FNDA:0,(anonymous_4)
FNDA:0,(anonymous_5)
DA:1,0
DA:2,0
DA:3,0
DA:4,0
DA:8,0
DA:9,0
DA:13,0
DA:14,0
LF:8
LH:0
BRF:0
BRH:0
end_of_record
TN:
SF:src/auth/auth.service.ts
FN:8,(anonymous_2)
FN:13,(anonymous_3)
FN:23,(anonymous_4)
FNF:3
FNH:3
FNDA:6,(anonymous_2)
FNDA:4,(anonymous_3)
FNDA:2,(anonymous_4)
DA:1,1
DA:2,1
DA:3,1
DA:4,1
DA:7,1
DA:9,6
DA:10,6
DA:14,4
DA:15,4
DA:16,3
DA:18,1
DA:24,2
LF:12
LH:12
BRDA:15,0,0,3
BRDA:15,1,0,4
BRDA:15,1,1,2
BRF:3
BRH:3
end_of_record
TN:
SF:src/auth/jwt-auth.guard.ts
FNF:0
FNH:0
DA:1,0
DA:2,0
DA:5,0
LF:3
LH:0
BRF:0
BRH:0
end_of_record
TN:
SF:src/auth/jwt.strategy.ts
FN:9,(anonymous_2)
FN:20,(anonymous_3)
FNF:2
FNH:0
FNDA:0,(anonymous_2)
FNDA:0,(anonymous_3)
DA:1,0
DA:2,0
DA:3,0
DA:4,0
DA:5,0
DA:8,0
DA:10,0
DA:11,0
DA:13,0
DA:21,0
DA:22,0
DA:23,0
LF:12
LH:0
BRDA:16,0,0,0
BRDA:16,0,1,0
BRDA:22,1,0,0
BRF:3
BRH:0
end_of_record
TN:
SF:src/auth/dto/login.dto.ts
FNF:0
FNH:0
DA:1,0
DA:2,0
DA:4,0
DA:7,0
DA:12,0
LF:5
LH:0
BRF:0
BRH:0
end_of_record
TN:
SF:src/auth/dto/register.dto.ts
FNF:0
FNH:0
DA:1,0
DA:2,0
DA:4,0
DA:7,0
DA:11,0
DA:16,0
LF:6
LH:0
BRF:0
BRH:0
end_of_record
TN:
SF:src/bookings/bookings.controller.ts
FN:14,(anonymous_4)
FN:18,(anonymous_5)
FN:25,(anonymous_6)
FN:32,(anonymous_7)
FNF:4
FNH:0
FNDA:0,(anonymous_4)
FNDA:0,(anonymous_5)
FNDA:0,(anonymous_6)
FNDA:0,(anonymous_7)
DA:1,0
DA:2,0
DA:3,0
DA:4,0
DA:5,0
DA:6,0
DA:7,0
DA:8,0
DA:9,0
DA:13,0
DA:14,0
DA:18,0
DA:19,0
DA:25,0
DA:26,0
DA:32,0
DA:37,0
LF:17
LH:0
BRF:0
BRH:0
end_of_record
TN:
SF:src/bookings/bookings.service.ts
FN:9,(anonymous_2)
FN:14,(anonymous_3)
FN:29,(anonymous_4)
FN:60,(anonymous_5)
FN:69,(anonymous_6)
FN:98,(anonymous_7)
FN:118,(anonymous_8)
FN:126,(anonymous_9)
FNF:8
FNH:0
FNDA:0,(anonymous_2)
FNDA:0,(anonymous_3)
FNDA:0,(anonymous_4)
FNDA:0,(anonymous_5)
FNDA:0,(anonymous_6)
FNDA:0,(anonymous_7)
FNDA:0,(anonymous_8)
FNDA:0,(anonymous_9)
DA:1,0
DA:2,0
DA:3,0
DA:8,0
DA:10,0
DA:11,0
DA:15,0
DA:17,0
DA:19,0
DA:24,0
DA:26,0
DA:35,0
DA:36,0
DA:37,0
DA:38,0
DA:39,0
DA:40,0
DA:41,0
DA:42,0
DA:43,0
DA:44,0
DA:45,0
DA:46,0
DA:47,0
DA:48,0
DA:49,0
DA:50,0
DA:51,0
DA:52,0
DA:53,0
DA:55,0
DA:57,0
DA:61,0
DA:64,0
DA:66,0
DA:67,0
DA:68,0
DA:69,0
DA:72,0
DA:79,0
DA:94,0
DA:98,0
DA:99,0
DA:100,0
DA:101,0
DA:103,0
DA:104,0
DA:108,0
DA:109,0
DA:111,0
DA:119,0
DA:131,0
LF:52
LH:0
BRDA:24,0,0,0
BRDA:42,1,0,0
BRDA:43,2,0,0
BRDA:44,3,0,0
BRDA:44,3,1,0
BRDA:45,4,0,0
BRDA:46,5,0,0
BRDA:64,6,0,0
BRDA:67,7,0,0
BRDA:67,7,1,0
BRDA:68,8,0,0
BRDA:68,8,1,0
BRDA:85,9,0,0
BRDA:85,9,1,0
BRDA:87,10,0,0
BRDA:87,10,1,0
BRDA:88,11,0,0
BRDA:88,11,1,0
BRDA:99,12,0,0
BRDA:103,13,0,0
BRDA:103,13,1,0
BRF:21
BRH:0
end_of_record
TN:
SF:src/bookings/dto/create-booking.dto.ts
FN:52,(anonymous_2)
FNF:1
FNH:0
FNDA:0,(anonymous_2)
DA:1,0
DA:10,0
DA:14,0
DA:18,0
DA:22,0
DA:25,0
DA:27,0
DA:30,0
DA:34,0
DA:38,0
DA:43,0
DA:47,0
DA:52,0
DA:53,0
LF:14
LH:0
BRF:0
BRH:0
end_of_record
TN:
SF:src/bookings/dto/update-booking-status.dto.ts
FNF:0
FNH:0
DA:1,0
DA:3,0
DA:5,0
LF:3
LH:0
BRF:0
BRH:0
end_of_record
TN:
SF:src/categories/categories.controller.ts
FN:30,(anonymous_4)
FN:33,(anonymous_5)
FN:38,(anonymous_6)
FN:43,(anonymous_7)
FN:48,(anonymous_8)
FN:53,(anonymous_9)
FN:67,(anonymous_10)
FN:78,(anonymous_11)
FNF:8
FNH:0
FNDA:0,(anonymous_4)
FNDA:0,(anonymous_5)
FNDA:0,(anonymous_6)
FNDA:0,(anonymous_7)
FNDA:0,(anonymous_8)
FNDA:0,(anonymous_9)
FNDA:0,(anonymous_10)
FNDA:0,(anonymous_11)
DA:1,0
DA:15,0
DA:16,0
DA:17,0
DA:18,0
DA:19,0
DA:20,0
DA:21,0
DA:22,0
DA:23,0
DA:29,0
DA:30,0
DA:33,0
DA:34,0
DA:38,0
DA:39,0
DA:43,0
DA:44,0
DA:48,0
DA:49,0
DA:53,0
DA:58,0
DA:67,0
DA:72,0
DA:73,0
DA:74,0
DA:78,0
DA:79,0
LF:28
LH:0
BRDA:72,0,0,0
BRF:1
BRH:0
end_of_record
TN:
SF:src/categories/categories.service.ts
FN:10,(anonymous_2)
FN:15,(anonymous_3)
FN:25,(anonymous_4)
FN:37,(anonymous_5)
FN:49,(anonymous_6)
FN:61,(anonymous_7)
FN:80,(anonymous_8)
FN:92,(anonymous_9)
FN:102,(anonymous_10)
FN:108,(anonymous_11)
FN:116,(anonymous_12)
FN:117,(anonymous_13)
FNF:12
FNH:0
FNDA:0,(anonymous_2)
FNDA:0,(anonymous_3)
FNDA:0,(anonymous_4)
FNDA:0,(anonymous_5)
FNDA:0,(anonymous_6)
FNDA:0,(anonymous_7)
FNDA:0,(anonymous_8)
FNDA:0,(anonymous_9)
FNDA:0,(anonymous_10)
FNDA:0,(anonymous_11)
FNDA:0,(anonymous_12)
FNDA:0,(anonymous_13)
DA:1,0
DA:2,0
DA:3,0
DA:4,0
DA:9,0
DA:11,0
DA:12,0
DA:16,0
DA:17,0
DA:18,0
DA:25,0
DA:38,0
DA:50,0
DA:57,0
DA:58,0
DA:62,0
DA:63,0
DA:64,0
DA:66,0
DA:67,0
DA:68,0
DA:70,0
DA:80,0
DA:93,0
DA:94,0
DA:95,0
DA:103,0
DA:104,0
DA:105,0
DA:109,0
DA:115,0
DA:116,0
DA:117,0
DA:118,0
DA:120,0
DA:121,0
DA:123,0
LF:37
LH:0
BRDA:21,0,0,0
BRDA:21,0,1,0
BRDA:22,1,0,0
BRDA:22,1,1,0
BRDA:23,2,0,0
BRDA:23,2,1,0
BRDA:40,3,0,0
BRDA:40,3,1,0
BRDA:57,4,0,0
BRDA:63,5,0,0
BRDA:67,6,0,0
BRDA:67,7,0,0
BRDA:67,7,1,0
BRDA:73,8,0,0
BRDA:73,8,1,0
BRDA:74,9,0,0
BRDA:74,9,1,0
BRDA:75,10,0,0
BRDA:75,10,1,0
BRDA:76,11,0,0
BRDA:76,11,1,0
BRDA:77,12,0,0
BRDA:77,12,1,0
BRDA:115,13,0,0
BRF:24
BRH:0
end_of_record
TN:
SF:src/categories/dto/category.dto.ts
FN:26,(anonymous_2)
FN:46,(anonymous_3)
FNF:2
FNH:0
FNDA:0,(anonymous_2)
FNDA:0,(anonymous_3)
DA:1,0
DA:2,0
DA:6,0
DA:8,0
DA:11,0
DA:14,0
DA:16,0
DA:19,0
DA:22,0
DA:26,0
DA:27,0
DA:30,0
DA:33,0
DA:36,0
DA:39,0
DA:42,0
DA:46,0
DA:47,0
LF:18
LH:0
BRF:0
BRH:0
end_of_record
TN:
SF:src/common/decorators/admin-restaurant.decorator.ts
FN:5,(anonymous_0)
FNF:1
FNH:0
FNDA:0,(anonymous_0)
DA:1,0
DA:4,0
DA:6,0
DA:7,0
DA:8,0
DA:9,0
DA:11,0
LF:7
LH:0
BRDA:8,0,0,0
BRF:1
BRH:0
end_of_record
TN:
SF:src/common/dto/bulk-delete.dto.ts
FNF:0
FNH:0
DA:1,0
DA:3,0
DA:7,0
LF:3
LH:0
BRF:0
BRH:0
end_of_record
TN:
SF:src/common/dto/bulk-translate.dto.ts
FNF:0
FNH:0
DA:1,0
DA:2,0
DA:4,0
DA:10,0
DA:16,0
LF:5
LH:0
BRF:0
BRH:0
end_of_record
TN:
SF:src/common/filters/http-exception.filter.ts
FN:5,(anonymous_1)
FN:8,(anonymous_2)
FNF:2
FNH:0
FNDA:0,(anonymous_1)
FNDA:0,(anonymous_2)
DA:1,0
DA:5,0
DA:6,0
DA:9,0
DA:10,0
DA:11,0
DA:13,0
DA:14,0
DA:16,0
DA:17,0
DA:18,0
DA:19,0
DA:20,0
DA:21,0
DA:23,0
DA:25,0
DA:26,0
DA:29,0
DA:37,0
DA:38,0
DA:39,0
DA:40,0
DA:43,0
LF:23
LH:0
BRDA:16,0,0,0
BRDA:16,0,1,0
BRDA:19,1,0,0
BRDA:19,1,1,0
BRDA:19,2,0,0
BRDA:19,2,1,0
BRDA:21,3,0,0
BRDA:21,3,1,0
BRDA:21,3,2,0
BRDA:25,4,0,0
BRDA:37,5,0,0
BRDA:37,5,1,0
BRDA:38,6,0,0
BRDA:38,6,1,0
BRDA:39,7,0,0
BRF:15
BRH:0
end_of_record
TN:
SF:src/common/guards/public-restaurant.guard.ts
FN:10,normalizeHost
FN:18,(anonymous_3)
FN:20,(anonymous_4)
FNF:3
FNH:0
FNDA:0,normalizeHost
FNDA:0,(anonymous_3)
FNDA:0,(anonymous_4)
DA:1,0
DA:8,0
DA:11,0
DA:12,0
DA:13,0
DA:17,0
DA:18,0
DA:21,0
DA:22,0
DA:23,0
DA:24,0
DA:25,0
DA:27,0
DA:30,0
DA:31,0
DA:33,0
DA:34,0
LF:17
LH:0
BRDA:11,0,0,0
BRDA:13,1,0,0
BRDA:13,1,1,0
BRDA:22,2,0,0
BRDA:22,2,1,0
BRDA:24,3,0,0
BRDA:30,4,0,0
BRF:7
BRH:0
end_of_record
TN:
SF:src/common/guards/restaurant-access.guard.ts
FN:13,(anonymous_2)
FN:15,(anonymous_3)
FNF:2
FNH:0
FNDA:0,(anonymous_2)
FNDA:0,(anonymous_3)
DA:1,0
DA:9,0
DA:12,0
DA:13,0
DA:16,0
DA:17,0
DA:18,0
DA:19,0
DA:21,0
DA:22,0
DA:23,0
DA:24,0
DA:26,0
DA:31,0
DA:32,0
DA:34,0
DA:35,0
LF:17
LH:0
BRDA:18,0,0,0
BRDA:23,1,0,0
BRDA:31,2,0,0
BRF:3
BRH:0
end_of_record
TN:
SF:src/common/middleware/logger.middleware.ts
FN:5,(anonymous_1)
FN:8,(anonymous_2)
FN:12,(anonymous_3)
FNF:3
FNH:0
FNDA:0,(anonymous_1)
FNDA:0,(anonymous_2)
FNDA:0,(anonymous_3)
DA:1,0
DA:5,0
DA:6,0
DA:9,0
DA:10,0
DA:12,0
DA:13,0
DA:14,0
DA:16,0
DA:17,0
DA:18,0
DA:19,0
DA:21,0
DA:25,0
LF:14
LH:0
BRDA:16,0,0,0
BRDA:16,0,1,0
BRDA:18,1,0,0
BRDA:18,1,1,0
BRF:4
BRH:0
end_of_record
TN:
SF:src/common/scope/restaurant-scope.service.ts
FN:6,(anonymous_2)
FN:8,(anonymous_3)
FN:16,(anonymous_4)
FN:25,(anonymous_5)
FN:37,(anonymous_6)
FNF:5
FNH:0
FNDA:0,(anonymous_2)
FNDA:0,(anonymous_3)
FNDA:0,(anonymous_4)
FNDA:0,(anonymous_5)
FNDA:0,(anonymous_6)
DA:1,0
DA:2,0
DA:5,0
DA:6,0
DA:9,0
DA:12,0
DA:13,0
DA:17,0
DA:21,0
DA:22,0
DA:26,0
DA:33,0
DA:34,0
DA:38,0
DA:44,0
DA:45,0
LF:16
LH:0
BRDA:12,0,0,0
BRDA:21,1,0,0
BRDA:33,2,0,0
BRDA:44,3,0,0
BRF:4
BRH:0
end_of_record
TN:
SF:src/common/upload/multer-image.config.ts
FN:14,multerImageOptions
FN:18,(anonymous_1)
FN:24,(anonymous_2)
FNF:3
FNH:0
FNDA:0,multerImageOptions
FNDA:0,(anonymous_1)
FNDA:0,(anonymous_2)
DA:1,0
DA:2,0
DA:3,0
DA:5,0
DA:6,0
DA:14,0
DA:15,0
DA:19,0
DA:20,0
DA:29,0
DA:31,0
LF:11
LH:0
BRDA:19,0,0,0
BRDA:19,0,1,0
BRDA:29,1,0,0
BRDA:29,1,1,0
BRF:4
BRH:0
end_of_record
TN:
SF:src/languages/admin-languages.controller.ts
FN:12,(anonymous_4)
FN:15,(anonymous_5)
FN:20,(anonymous_6)
FN:25,(anonymous_7)
FN:30,(anonymous_8)
FNF:5
FNH:0
FNDA:0,(anonymous_4)
FNDA:0,(anonymous_5)
FNDA:0,(anonymous_6)
FNDA:0,(anonymous_7)
FNDA:0,(anonymous_8)
DA:1,0
DA:2,0
DA:3,0
DA:4,0
DA:5,0
DA:11,0
DA:12,0
DA:15,0
DA:16,0
DA:20,0
DA:21,0
DA:25,0
DA:26,0
DA:30,0
DA:31,0
LF:15
LH:0
BRF:0
BRH:0
end_of_record
TN:
SF:src/languages/languages.controller.ts
FN:8,(anonymous_2)
FN:11,(anonymous_3)
FNF:2
FNH:0
FNDA:0,(anonymous_2)
FNDA:0,(anonymous_3)
DA:1,0
DA:2,0
DA:3,0
DA:7,0
DA:8,0
DA:11,0
DA:12,0
LF:7
LH:0
BRF:0
BRH:0
end_of_record
TN:
SF:src/languages/languages.service.ts
FN:7,(anonymous_2)
FN:9,(anonymous_3)
FN:15,(anonymous_4)
FN:25,(anonymous_5)
FN:36,(anonymous_6)
FNF:5
FNH:0
FNDA:0,(anonymous_2)
FNDA:0,(anonymous_3)
FNDA:0,(anonymous_4)
FNDA:0,(anonymous_5)
FNDA:0,(anonymous_6)
DA:1,0
DA:2,0
DA:6,0
DA:7,0
DA:10,0
DA:16,0
DA:26,0
DA:37,0
LF:8
LH:0
BRDA:19,0,0,0
BRDA:19,0,1,0
BRDA:20,1,0,0
BRDA:20,1,1,0
BRDA:29,2,0,0
BRDA:29,2,1,0
BRDA:30,3,0,0
BRDA:30,3,1,0
BRDA:31,4,0,0
BRDA:31,4,1,0
BRF:10
BRH:0
end_of_record
TN:
SF:src/languages/dto/language.dto.ts
FNF:0
FNH:0
DA:1,0
DA:3,0
DA:6,0
DA:10,0
DA:14,0
DA:17,0
DA:21,0
DA:25,0
DA:29,0
LF:9
LH:0
BRF:0
BRH:0
end_of_record
TN:
SF:src/menu-items/menu-items.controller.ts
FN:35,(anonymous_4)
FN:38,(anonymous_5)
FN:43,(anonymous_6)
FN:48,(anonymous_7)
FN:53,(anonymous_8)
FN:58,(anonymous_9)
FN:63,(anonymous_10)
FN:77,(anonymous_11)
FN:88,(anonymous_12)
FNF:9
FNH:0
FNDA:0,(anonymous_4)
FNDA:0,(anonymous_5)
FNDA:0,(anonymous_6)
FNDA:0,(anonymous_7)
FNDA:0,(anonymous_8)
FNDA:0,(anonymous_9)
FNDA:0,(anonymous_10)
FNDA:0,(anonymous_11)
FNDA:0,(anonymous_12)
DA:1,0
DA:15,0
DA:16,0
DA:17,0
DA:18,0
DA:25,0
DA:26,0
DA:27,0
DA:28,0
DA:34,0
DA:35,0
DA:38,0
DA:39,0
DA:43,0
DA:44,0
DA:48,0
DA:49,0
DA:53,0
DA:54,0
DA:58,0
DA:59,0
DA:63,0
DA:68,0
DA:77,0
DA:82,0
DA:83,0
DA:84,0
DA:88,0
DA:89,0
LF:29
LH:0
BRDA:82,0,0,0
BRF:1
BRH:0
end_of_record
TN:
SF:src/menu-items/menu-items.service.ts
FN:16,(anonymous_2)
FN:21,(anonymous_3)
FN:33,(anonymous_4)
FN:45,(anonymous_5)
FN:76,(anonymous_6)
FN:96,(anonymous_7)
FN:133,(anonymous_8)
FN:142,(anonymous_9)
FN:143,(anonymous_10)
FN:147,(anonymous_11)
FN:159,(anonymous_12)
FN:186,(anonymous_13)
FN:198,(anonymous_14)
FN:209,(anonymous_15)
FN:216,(anonymous_16)
FN:225,(anonymous_17)
FN:226,(anonymous_18)
FN:230,(anonymous_19)
FN:243,(anonymous_20)
FN:247,(anonymous_21)
FN:256,(anonymous_22)
FN:257,(anonymous_23)
FN:261,(anonymous_24)
FN:265,(anonymous_25)
FNF:24
FNH:0
FNDA:0,(anonymous_2)
FNDA:0,(anonymous_3)
FNDA:0,(anonymous_4)
FNDA:0,(anonymous_5)
FNDA:0,(anonymous_6)
FNDA:0,(anonymous_7)
FNDA:0,(anonymous_8)
FNDA:0,(anonymous_9)
FNDA:0,(anonymous_10)
FNDA:0,(anonymous_11)
FNDA:0,(anonymous_12)
FNDA:0,(anonymous_13)
FNDA:0,(anonymous_14)
FNDA:0,(anonymous_15)
FNDA:0,(anonymous_16)
FNDA:0,(anonymous_17)
FNDA:0,(anonymous_18)
FNDA:0,(anonymous_19)
FNDA:0,(anonymous_20)
FNDA:0,(anonymous_21)
FNDA:0,(anonymous_22)
FNDA:0,(anonymous_23)
FNDA:0,(anonymous_24)
FNDA:0,(anonymous_25)
DA:1,0
DA:2,0
DA:3,0
DA:4,0
DA:5,0
DA:15,0
DA:17,0
DA:18,0
DA:22,0
DA:23,0
DA:24,0
DA:33,0
DA:46,0
DA:49,0
DA:50,0
DA:52,0
DA:53,0
DA:55,0
DA:56,0
DA:57,0
DA:58,0
DA:60,0
DA:61,0
DA:62,0
DA:73,0
DA:77,0
DA:78,0
DA:80,0
DA:82,0
DA:84,0
DA:86,0
DA:88,0
DA:90,0
DA:92,0
DA:97,0
DA:98,0
DA:99,0
DA:100,0
DA:101,0
DA:102,0
DA:103,0
DA:105,0
DA:113,0
DA:115,0
DA:116,0
DA:119,0
DA:133,0
DA:134,0
DA:135,0
DA:138,0
DA:142,0
DA:143,0
DA:144,0
DA:148,0
DA:155,0
DA:156,0
DA:160,0
DA:161,0
DA:162,0
DA:164,0
DA:167,0
DA:168,0
DA:169,0
DA:172,0
DA:174,0
DA:186,0
DA:199,0
DA:200,0
DA:201,0
DA:202,0
DA:210,0
DA:211,0
DA:212,0
DA:213,0
DA:217,0
DA:224,0
DA:225,0
DA:226,0
DA:227,0
DA:229,0
DA:230,0
DA:231,0
DA:232,0
DA:233,0
DA:235,0
DA:236,0
DA:237,0
DA:238,0
DA:239,0
DA:243,0
DA:244,0
DA:248,0
DA:255,0
DA:256,0
DA:257,0
DA:258,0
DA:260,0
DA:261,0
DA:262,0
DA:265,0
DA:266,0
LF:101
LH:0
BRDA:29,0,0,0
BRDA:29,0,1,0
BRDA:30,1,0,0
BRDA:30,1,1,0
BRDA:31,2,0,0
BRDA:31,2,1,0
BRDA:49,3,0,0
BRDA:52,4,0,0
BRDA:55,5,0,0
BRDA:55,5,1,0
BRDA:57,6,0,0
BRDA:60,7,0,0
BRDA:77,8,0,0
BRDA:77,8,1,0
BRDA:78,9,0,0
BRDA:78,9,1,0
BRDA:78,9,2,0
BRDA:78,9,3,0
BRDA:78,9,4,0
BRDA:78,9,5,0
BRDA:78,9,6,0
BRDA:97,10,0,0
BRDA:97,10,1,0
BRDA:98,11,0,0
BRDA:98,11,1,0
BRDA:99,12,0,0
BRDA:99,12,1,0
BRDA:100,13,0,0
BRDA:100,13,1,0
BRDA:115,14,0,0
BRDA:134,15,0,0
BRDA:155,16,0,0
BRDA:161,17,0,0
BRDA:167,18,0,0
BRDA:168,19,0,0
BRDA:168,20,0,0
BRDA:168,20,1,0
BRDA:172,21,0,0
BRDA:177,22,0,0
BRDA:177,22,1,0
BRDA:178,23,0,0
BRDA:178,23,1,0
BRDA:179,24,0,0
BRDA:179,24,1,0
BRDA:180,25,0,0
BRDA:180,25,1,0
BRDA:181,26,0,0
BRDA:181,26,1,0
BRDA:182,27,0,0
BRDA:182,27,1,0
BRDA:183,28,0,0
BRDA:183,28,1,0
BRDA:201,29,0,0
BRDA:212,30,0,0
BRDA:224,31,0,0
BRDA:231,32,0,0
BRDA:236,33,0,0
BRDA:237,34,0,0
BRDA:238,35,0,0
BRDA:255,36,0,0
BRF:60
BRH:0
end_of_record
TN:
SF:src/menu-items/dto/menu-item.dto.ts
FN:16,(anonymous_2)
FN:47,(anonymous_3)
FN:74,(anonymous_4)
FN:98,(anonymous_5)
FN:127,(anonymous_6)
FN:136,(anonymous_7)
FNF:6
FNH:0
FNDA:0,(anonymous_2)
FNDA:0,(anonymous_3)
FNDA:0,(anonymous_4)
FNDA:0,(anonymous_5)
FNDA:0,(anonymous_6)
FNDA:0,(anonymous_7)
DA:1,0
DA:14,0
DA:16,0
DA:17,0
DA:21,0
DA:23,0
DA:26,0
DA:29,0
DA:31,0
DA:34,0
DA:37,0
DA:40,0
DA:43,0
DA:47,0
DA:48,0
DA:51,0
DA:54,0
DA:58,0
DA:61,0
DA:64,0
DA:67,0
DA:70,0
DA:74,0
DA:75,0
DA:78,0
DA:82,0
DA:85,0
DA:88,0
DA:91,0
DA:95,0
DA:98,0
DA:102,0
DA:107,0
DA:112,0
DA:117,0
DA:121,0
DA:125,0
DA:128,0
DA:129,0
DA:130,0
DA:134,0
DA:137,0
DA:138,0
DA:139,0
DA:144,0
LF:45
LH:0
BRDA:17,0,0,0
BRDA:17,0,1,0
BRDA:17,1,0,0
BRDA:17,1,1,0
BRDA:17,1,2,0
BRDA:128,2,0,0
BRDA:128,3,0,0
BRDA:128,3,1,0
BRDA:128,3,2,0
BRDA:130,4,0,0
BRDA:130,4,1,0
BRDA:130,5,0,0
BRDA:130,5,1,0
BRDA:137,6,0,0
BRDA:137,7,0,0
BRDA:137,7,1,0
BRDA:137,7,2,0
BRDA:139,8,0,0
BRDA:139,8,1,0
BRDA:139,9,0,0
BRDA:139,9,1,0
BRDA:139,9,2,0
BRF:22
BRH:0
end_of_record
TN:
SF:src/menu-types/menu-types.controller.ts
FN:30,(anonymous_4)
FN:33,(anonymous_5)
FN:38,(anonymous_6)
FN:43,(anonymous_7)
FN:48,(anonymous_8)
FN:53,(anonymous_9)
FN:67,(anonymous_10)
FN:78,(anonymous_11)
FNF:8
FNH:0
FNDA:0,(anonymous_4)
FNDA:0,(anonymous_5)
FNDA:0,(anonymous_6)
FNDA:0,(anonymous_7)
FNDA:0,(anonymous_8)
FNDA:0,(anonymous_9)
FNDA:0,(anonymous_10)
FNDA:0,(anonymous_11)
DA:1,0
DA:15,0
DA:16,0
DA:17,0
DA:18,0
DA:19,0
DA:20,0
DA:21,0
DA:22,0
DA:23,0
DA:29,0
DA:30,0
DA:33,0
DA:34,0
DA:38,0
DA:39,0
DA:43,0
DA:44,0
DA:48,0
DA:49,0
DA:53,0
DA:58,0
DA:67,0
DA:72,0
DA:73,0
DA:74,0
DA:78,0
DA:79,0
LF:28
LH:0
BRDA:72,0,0,0
BRF:1
BRH:0
end_of_record
TN:
SF:src/menu-types/menu-types.service.ts
FN:10,(anonymous_2)
FN:15,(anonymous_3)
FN:26,(anonymous_4)
FN:37,(anonymous_5)
FN:50,(anonymous_6)
FN:59,(anonymous_7)
FN:72,(anonymous_8)
FN:83,(anonymous_9)
FN:93,(anonymous_10)
FN:99,(anonymous_11)
FN:107,(anonymous_12)
FN:108,(anonymous_13)
FNF:12
FNH:0
FNDA:0,(anonymous_2)
FNDA:0,(anonymous_3)
FNDA:0,(anonymous_4)
FNDA:0,(anonymous_5)
FNDA:0,(anonymous_6)
FNDA:0,(anonymous_7)
FNDA:0,(anonymous_8)
FNDA:0,(anonymous_9)
FNDA:0,(anonymous_10)
FNDA:0,(anonymous_11)
FNDA:0,(anonymous_12)
FNDA:0,(anonymous_13)
DA:1,0
DA:2,0
DA:3,0
DA:4,0
DA:9,0
DA:11,0
DA:12,0
DA:16,0
DA:17,0
DA:18,0
DA:26,0
DA:38,0
DA:51,0
DA:55,0
DA:56,0
DA:60,0
DA:61,0
DA:62,0
DA:72,0
DA:84,0
DA:85,0
DA:86,0
DA:94,0
DA:95,0
DA:96,0
DA:100,0
DA:106,0
DA:107,0
DA:108,0
DA:109,0
DA:111,0
DA:112,0
LF:32
LH:0
BRDA:22,0,0,0
BRDA:22,0,1,0
BRDA:23,1,0,0
BRDA:23,1,1,0
BRDA:24,2,0,0
BRDA:24,2,1,0
BRDA:42,3,0,0
BRDA:42,3,1,0
BRDA:55,4,0,0
BRDA:65,5,0,0
BRDA:65,5,1,0
BRDA:66,6,0,0
BRDA:66,6,1,0
BRDA:67,7,0,0
BRDA:67,7,1,0
BRDA:68,8,0,0
BRDA:68,8,1,0
BRDA:69,9,0,0
BRDA:69,9,1,0
BRDA:106,10,0,0
BRF:20
BRH:0
end_of_record
TN:
SF:src/menu-types/dto/menu-type.dto.ts
FN:29,(anonymous_2)
FN:53,(anonymous_3)
FNF:2
FNH:0
FNDA:0,(anonymous_2)
FNDA:0,(anonymous_3)
DA:1,0
DA:2,0
DA:6,0
DA:8,0
DA:11,0
DA:13,0
DA:16,0
DA:20,0
DA:24,0
DA:29,0
DA:30,0
DA:33,0
DA:36,0
DA:40,0
DA:44,0
DA:48,0
DA:53,0
DA:54,0
LF:18
LH:0
BRF:0
BRH:0
end_of_record
TN:
SF:src/menus/menus.controller.ts
FN:14,(anonymous_4)
FN:17,(anonymous_5)
FN:22,(anonymous_6)
FN:27,(anonymous_7)
FN:32,(anonymous_8)
FN:41,(anonymous_9)
FNF:6
FNH:0
FNDA:0,(anonymous_4)
FNDA:0,(anonymous_5)
FNDA:0,(anonymous_6)
FNDA:0,(anonymous_7)
FNDA:0,(anonymous_8)
FNDA:0,(anonymous_9)
DA:1,0
DA:2,0
DA:3,0
DA:4,0
DA:5,0
DA:6,0
DA:7,0
DA:13,0
DA:14,0
DA:17,0
DA:18,0
DA:22,0
DA:23,0
DA:27,0
DA:28,0
DA:32,0
DA:37,0
DA:41,0
DA:42,0
LF:19
LH:0
BRF:0
BRH:0
end_of_record
TN:
SF:src/menus/menus.service.ts
FN:8,(anonymous_2)
FN:10,(anonymous_3)
FN:17,(anonymous_4)
FN:25,(anonymous_5)
FN:37,(anonymous_6)
FN:50,(anonymous_7)
FNF:6
FNH:0
FNDA:0,(anonymous_2)
FNDA:0,(anonymous_3)
FNDA:0,(anonymous_4)
FNDA:0,(anonymous_5)
FNDA:0,(anonymous_6)
FNDA:0,(anonymous_7)
DA:1,0
DA:2,0
DA:3,0
DA:7,0
DA:8,0
DA:11,0
DA:18,0
DA:21,0
DA:22,0
DA:26,0
DA:27,0
DA:38,0
DA:39,0
DA:40,0
DA:51,0
DA:52,0
DA:53,0
LF:17
LH:0
BRDA:21,0,0,0
BRDA:31,1,0,0
BRDA:31,1,1,0
BRDA:32,2,0,0
BRDA:32,2,1,0
BRDA:43,3,0,0
BRDA:43,3,1,0
BRDA:44,4,0,0
BRDA:44,4,1,0
BRDA:45,5,0,0
BRDA:45,5,1,0
BRF:11
BRH:0
end_of_record
TN:
SF:src/menus/dto/menu.dto.ts
FNF:0
FNH:0
DA:1,0
DA:3,0
DA:6,0
DA:10,0
DA:14,0
DA:17,0
DA:21,0
DA:25,0
DA:29,0
LF:9
LH:0
BRF:0
BRH:0
end_of_record
TN:
SF:src/prisma/prisma.service.ts
FN:7,(anonymous_1)
FNF:1
FNH:0
FNDA:0,(anonymous_1)
DA:1,1
DA:2,1
DA:6,1
DA:8,0
LF:4
LH:3
BRF:0
BRH:0
end_of_record
TN:
SF:src/public-menu/public-menu-menu.controller.ts
FN:10,(anonymous_4)
FN:13,(anonymous_5)
FNF:2
FNH:0
FNDA:0,(anonymous_4)
FNDA:0,(anonymous_5)
DA:1,0
DA:2,0
DA:3,0
DA:4,0
DA:9,0
DA:10,0
DA:13,0
DA:19,0
DA:20,0
DA:21,0
DA:23,0
DA:24,0
DA:25,0
DA:26,0
DA:28,0
LF:15
LH:0
BRDA:17,0,0,0
BRDA:20,1,0,0
BRDA:23,2,0,0
BRDA:25,3,0,0
BRF:4
BRH:0
end_of_record
TN:
SF:src/public-menu/public-menu.controller.ts
FN:10,(anonymous_4)
FN:13,(anonymous_5)
FNF:2
FNH:0
FNDA:0,(anonymous_4)
FNDA:0,(anonymous_5)
DA:1,0
DA:2,0
DA:3,0
DA:4,0
DA:9,0
DA:10,0
DA:13,0
DA:14,0
LF:8
LH:0
BRDA:13,0,0,0
BRF:1
BRH:0
end_of_record
TN:
SF:src/public-menu/public-menu.service.ts
FN:30,getCached
FN:35,setCache
FN:40,invalidateMenuCache
FN:56,(anonymous_5)
FN:58,(anonymous_6)
FN:71,(anonymous_7)
FN:73,(anonymous_8)
FN:86,(anonymous_9)
FN:113,(anonymous_10)
FN:115,(anonymous_11)
FN:121,(anonymous_12)
FN:123,(anonymous_13)
FN:140,(anonymous_14)
FNF:13
FNH:0
FNDA:0,getCached
FNDA:0,setCache
FNDA:0,invalidateMenuCache
FNDA:0,(anonymous_5)
FNDA:0,(anonymous_6)
FNDA:0,(anonymous_7)
FNDA:0,(anonymous_8)
FNDA:0,(anonymous_9)
FNDA:0,(anonymous_10)
FNDA:0,(anonymous_11)
FNDA:0,(anonymous_12)
FNDA:0,(anonymous_13)
FNDA:0,(anonymous_14)
DA:1,0
DA:2,0
DA:27,0
DA:28,0
DA:31,0
DA:32,0
DA:33,0
DA:36,0
DA:40,0
DA:41,0
DA:42,0
DA:43,0
DA:45,0
DA:46,0
DA:47,0
DA:50,0
DA:55,0
DA:56,0
DA:59,0
DA:60,0
DA:61,0
DA:63,0
DA:71,0
DA:73,0
DA:74,0
DA:82,0
DA:83,0
DA:91,0
DA:92,0
DA:93,0
DA:95,0
DA:98,0
DA:100,0
DA:113,0
DA:115,0
DA:116,0
DA:123,0
DA:125,0
DA:136,0
DA:137,0
DA:145,0
DA:152,0
DA:153,0
LF:43
LH:0
BRDA:32,0,0,0
BRDA:32,1,0,0
BRDA:32,1,1,0
BRDA:41,2,0,0
BRDA:41,2,1,0
BRDA:43,3,0,0
BRDA:43,4,0,0
BRDA:43,4,1,0
BRDA:45,5,0,0
BRDA:45,5,1,0
BRDA:47,6,0,0
BRDA:61,7,0,0
BRDA:73,8,0,0
BRDA:73,8,1,0
BRDA:78,9,0,0
BRDA:78,9,1,0
BRDA:79,10,0,0
BRDA:79,10,1,0
BRDA:93,11,0,0
BRDA:98,12,0,0
BRDA:115,13,0,0
BRDA:115,13,1,0
BRDA:118,14,0,0
BRDA:118,14,1,0
BRDA:119,15,0,0
BRDA:119,15,1,0
BRDA:120,16,0,0
BRDA:120,16,1,0
BRDA:123,17,0,0
BRDA:123,17,1,0
BRDA:127,18,0,0
BRDA:127,18,1,0
BRDA:128,19,0,0
BRDA:128,19,1,0
BRDA:131,20,0,0
BRDA:131,20,1,0
BRDA:152,21,0,0
BRF:37
BRH:0
end_of_record
TN:
SF:src/restaurants/restaurants.controller.ts
FN:13,(anonymous_4)
FN:16,(anonymous_5)
FNF:2
FNH:0
FNDA:0,(anonymous_4)
FNDA:0,(anonymous_5)
DA:1,0
DA:2,0
DA:3,0
DA:4,0
DA:5,0
DA:12,0
DA:13,0
DA:16,0
DA:17,0
LF:9
LH:0
BRF:0
BRH:0
end_of_record
TN:
SF:src/restaurants/restaurants.service.ts
FN:6,(anonymous_2)
FN:8,(anonymous_3)
FN:14,(anonymous_4)
FNF:3
FNH:0
FNDA:0,(anonymous_2)
FNDA:0,(anonymous_3)
FNDA:0,(anonymous_4)
DA:1,0
DA:2,0
DA:5,0
DA:6,0
DA:9,0
DA:14,0
LF:6
LH:0
BRF:0
BRH:0
end_of_record
TN:
SF:src/site-settings/site-settings-admin.controller.ts
FN:13,(anonymous_4)
FN:16,(anonymous_5)
FNF:2
FNH:0
FNDA:0,(anonymous_4)
FNDA:0,(anonymous_5)
DA:1,0
DA:2,0
DA:3,0
DA:4,0
DA:5,0
DA:6,0
DA:12,0
DA:13,0
DA:16,0
DA:17,0
LF:10
LH:0
BRF:0
BRH:0
end_of_record
TN:
SF:src/site-settings/site-settings.controller.ts
FN:35,(anonymous_4)
FN:41,(anonymous_5)
FN:60,(anonymous_6)
FN:64,(anonymous_7)
FN:71,(anonymous_8)
FN:92,(anonymous_9)
FNF:6
FNH:0
FNDA:0,(anonymous_4)
FNDA:0,(anonymous_5)
FNDA:0,(anonymous_6)
FNDA:0,(anonymous_7)
FNDA:0,(anonymous_8)
FNDA:0,(anonymous_9)
DA:1,0
DA:13,0
DA:14,0
DA:15,0
DA:16,0
DA:17,0
DA:18,0
DA:19,0
DA:20,0
DA:21,0
DA:23,0
DA:24,0
DA:32,0
DA:36,0
DA:37,0
DA:46,0
DA:48,0
DA:59,0
DA:60,0
DA:64,0
DA:65,0
DA:71,0
DA:83,0
DA:92,0
DA:96,0
DA:97,0
DA:98,0
LF:27
LH:0
BRDA:36,0,0,0
BRDA:36,0,1,0
BRDA:46,1,0,0
BRDA:46,1,1,0
BRDA:96,2,0,0
BRF:5
BRH:0
end_of_record
TN:
SF:src/site-settings/site-settings.service.ts
FN:6,(anonymous_2)
FN:8,(anonymous_3)
FN:25,(anonymous_4)
FN:44,(anonymous_5)
FN:61,(anonymous_6)
FNF:5
FNH:0
FNDA:0,(anonymous_2)
FNDA:0,(anonymous_3)
FNDA:0,(anonymous_4)
FNDA:0,(anonymous_5)
FNDA:0,(anonymous_6)
DA:1,0
DA:2,0
DA:5,0
DA:6,0
DA:9,0
DA:12,0
DA:13,0
DA:17,0
DA:26,0
DA:29,0
DA:30,0
DA:34,0
DA:45,0
DA:48,0
DA:49,0
DA:53,0
DA:58,0
DA:72,0
DA:75,0
DA:76,0
DA:88,0
DA:89,0
DA:90,0
DA:91,0
DA:92,0
DA:93,0
DA:94,0
DA:95,0
DA:100,0
LF:29
LH:0
BRDA:12,0,0,0
BRDA:29,1,0,0
BRDA:48,2,0,0
BRDA:48,2,1,0
BRDA:75,3,0,0
BRDA:75,3,1,0
BRDA:79,4,0,0
BRDA:79,4,1,0
BRDA:80,5,0,0
BRDA:80,5,1,0
BRDA:81,6,0,0
BRDA:81,6,1,0
BRDA:82,7,0,0
BRDA:82,7,1,0
BRDA:83,8,0,0
BRDA:83,8,1,0
BRDA:84,9,0,0
BRDA:84,9,1,0
BRDA:89,10,0,0
BRDA:90,11,0,0
BRDA:91,12,0,0
BRDA:92,13,0,0
BRDA:93,14,0,0
BRDA:94,15,0,0
BRF:24
BRH:0
end_of_record
TN:
SF:src/subscriptions/subscriptions.controller.ts
FN:13,(anonymous_4)
FN:17,(anonymous_5)
FN:23,(anonymous_6)
FN:32,(anonymous_7)
FNF:4
FNH:0
FNDA:0,(anonymous_4)
FNDA:0,(anonymous_5)
FNDA:0,(anonymous_6)
FNDA:0,(anonymous_7)
DA:1,0
DA:2,0
DA:3,0
DA:4,0
DA:5,0
DA:6,0
DA:12,0
DA:13,0
DA:17,0
DA:18,0
DA:23,0
DA:27,0
DA:32,0
DA:36,0
LF:14
LH:0
BRF:0
BRH:0
end_of_record
TN:
SF:src/telegram/telegram-updates.service.ts
FN:24,(anonymous_2)
FN:30,(anonymous_3)
FN:93,(anonymous_4)
FNF:3
FNH:0
FNDA:0,(anonymous_2)
FNDA:0,(anonymous_3)
FNDA:0,(anonymous_4)
DA:1,0
DA:2,0
DA:3,0
DA:4,0
DA:21,0
DA:22,0
DA:25,0
DA:26,0
DA:27,0
DA:31,0
DA:32,0
DA:33,0
DA:35,0
DA:36,0
DA:38,0
DA:39,0
DA:41,0
DA:42,0
DA:43,0
DA:45,0
DA:46,0
DA:47,0
DA:48,0
DA:52,0
DA:55,0
DA:58,0
DA:59,0
DA:60,0
DA:63,0
DA:67,0
DA:78,0
DA:81,0
DA:94,0
DA:95,0
DA:97,0
DA:98,0
LF:36
LH:0
BRDA:32,0,0,0
BRDA:32,0,1,0
BRDA:33,1,0,0
BRDA:36,2,0,0
BRDA:39,3,0,0
BRDA:45,4,0,0
BRDA:47,5,0,0
BRDA:58,6,0,0
BRDA:97,7,0,0
BRDA:97,7,1,0
BRF:10
BRH:0
end_of_record
TN:
SF:src/telegram/telegram-webhook.controller.ts
FN:19,(anonymous_4)
FN:29,(anonymous_5)
FNF:2
FNH:0
FNDA:0,(anonymous_4)
FNDA:0,(anonymous_5)
DA:1,0
DA:9,0
DA:10,0
DA:12,0
DA:16,0
DA:17,0
DA:20,0
DA:21,0
DA:29,0
DA:30,0
DA:31,0
DA:32,0
DA:33,0
DA:34,0
DA:35,0
DA:36,0
DA:40,0
DA:41,0
DA:43,0
DA:44,0
DA:47,0
LF:21
LH:0
BRDA:31,0,0,0
BRDA:33,1,0,0
BRDA:33,1,1,0
BRDA:33,2,0,0
BRDA:33,2,1,0
BRDA:34,3,0,0
BRDA:43,4,0,0
BRDA:43,4,1,0
BRF:8
BRH:0
end_of_record
TN:
SF:src/telegram/telegram.service.ts
FN:8,(anonymous_2)
FN:10,(anonymous_3)
FNF:2
FNH:0
FNDA:0,(anonymous_2)
FNDA:0,(anonymous_3)
DA:1,0
DA:2,0
DA:5,0
DA:6,0
DA:8,0
DA:11,0
DA:12,0
DA:13,0
DA:14,0
DA:16,0
DA:17,0
DA:25,0
DA:26,0
DA:27,0
LF:14
LH:0
BRDA:12,0,0,0
BRDA:25,1,0,0
BRF:2
BRH:0
end_of_record
TN:
SF:src/translate/translate.controller.ts
FN:19,(anonymous_4)
FN:22,(anonymous_5)
FN:30,(anonymous_6)
FN:39,(anonymous_7)
FN:47,(anonymous_8)
FN:56,(anonymous_9)
FN:64,(anonymous_10)
FNF:7
FNH:0
FNDA:0,(anonymous_4)
FNDA:0,(anonymous_5)
FNDA:0,(anonymous_6)
FNDA:0,(anonymous_7)
FNDA:0,(anonymous_8)
FNDA:0,(anonymous_9)
FNDA:0,(anonymous_10)
DA:1,0
DA:2,0
DA:3,0
DA:4,0
DA:5,0
DA:6,0
DA:7,0
DA:9,0
DA:11,0
DA:18,0
DA:19,0
DA:22,0
DA:26,0
DA:30,0
DA:35,0
DA:39,0
DA:43,0
DA:47,0
DA:52,0
DA:56,0
DA:60,0
DA:64,0
DA:69,0
LF:23
LH:0
BRF:0
BRH:0
end_of_record
TN:
SF:src/translate/translate.service.ts
FN:22,(anonymous_2)
FN:28,(anonymous_3)
FN:36,(anonymous_4)
FN:48,(anonymous_5)
FN:57,(anonymous_6)
FN:85,(anonymous_7)
FN:96,(anonymous_8)
FN:109,(anonymous_9)
FN:117,(anonymous_10)
FN:124,(anonymous_11)
FN:125,(anonymous_12)
FN:139,(anonymous_13)
FN:147,(anonymous_14)
FN:155,(anonymous_15)
FN:156,(anonymous_16)
FN:171,(anonymous_17)
FN:179,(anonymous_18)
FN:187,(anonymous_19)
FN:188,(anonymous_20)
FN:203,(anonymous_21)
FN:219,(anonymous_22)
FN:235,(anonymous_23)
FNF:22
FNH:0
FNDA:0,(anonymous_2)
FNDA:0,(anonymous_3)
FNDA:0,(anonymous_4)
FNDA:0,(anonymous_5)
FNDA:0,(anonymous_6)
FNDA:0,(anonymous_7)
FNDA:0,(anonymous_8)
FNDA:0,(anonymous_9)
FNDA:0,(anonymous_10)
FNDA:0,(anonymous_11)
FNDA:0,(anonymous_12)
FNDA:0,(anonymous_13)
FNDA:0,(anonymous_14)
FNDA:0,(anonymous_15)
FNDA:0,(anonymous_16)
FNDA:0,(anonymous_17)
FNDA:0,(anonymous_18)
FNDA:0,(anonymous_19)
FNDA:0,(anonymous_20)
FNDA:0,(anonymous_21)
FNDA:0,(anonymous_22)
FNDA:0,(anonymous_23)
DA:1,0
DA:2,0
DA:3,0
DA:4,0
DA:5,0
DA:7,0
DA:15,0
DA:16,0
DA:19,0
DA:20,0
DA:23,0
DA:24,0
DA:29,0
DA:30,0
DA:31,0
DA:32,0
DA:33,0
DA:37,0
DA:38,0
DA:39,0
DA:40,0
DA:44,0
DA:45,0
DA:49,0
DA:58,0
DA:59,0
DA:60,0
DA:61,0
DA:62,0
DA:63,0
DA:76,0
DA:77,0
DA:78,0
DA:80,0
DA:81,0
DA:82,0
DA:86,0
DA:87,0
DA:88,0
DA:89,0
DA:90,0
DA:91,0
DA:92,0
DA:93,0
DA:97,0
DA:99,0
DA:100,0
DA:101,0
DA:102,0
DA:104,0
DA:105,0
DA:110,0
DA:114,0
DA:116,0
DA:117,0
DA:118,0
DA:119,0
DA:120,0
DA:121,0
DA:123,0
DA:124,0
DA:125,0
DA:127,0
DA:128,0
DA:129,0
DA:130,0
DA:133,0
DA:135,0
DA:136,0
DA:140,0
DA:144,0
DA:146,0
DA:147,0
DA:148,0
DA:149,0
DA:150,0
DA:151,0
DA:152,0
DA:154,0
DA:155,0
DA:156,0
DA:158,0
DA:159,0
DA:160,0
DA:161,0
DA:162,0
DA:165,0
DA:167,0
DA:168,0
DA:172,0
DA:176,0
DA:178,0
DA:179,0
DA:180,0
DA:181,0
DA:182,0
DA:183,0
DA:184,0
DA:186,0
DA:187,0
DA:188,0
DA:190,0
DA:191,0
DA:192,0
DA:193,0
DA:194,0
DA:197,0
DA:199,0
DA:200,0
DA:204,0
DA:205,0
DA:206,0
DA:207,0
DA:208,0
DA:209,0
DA:211,0
DA:216,0
DA:220,0
DA:221,0
DA:222,0
DA:223,0
DA:224,0
DA:225,0
DA:227,0
DA:232,0
DA:236,0
DA:237,0
DA:238,0
DA:239,0
DA:240,0
DA:241,0
DA:243,0
DA:248,0
LF:133
LH:0
BRDA:30,0,0,0
BRDA:30,1,0,0
BRDA:30,1,1,0
BRDA:31,2,0,0
BRDA:32,3,0,0
BRDA:37,4,0,0
BRDA:39,5,0,0
BRDA:59,6,0,0
BRDA:60,7,0,0
BRDA:60,7,1,0
BRDA:61,8,0,0
BRDA:61,8,1,0
BRDA:76,9,0,0
BRDA:81,10,0,0
BRDA:81,10,1,0
BRDA:88,11,0,0
BRDA:88,11,1,0
BRDA:89,12,0,0
BRDA:89,12,1,0
BRDA:92,13,0,0
BRDA:92,13,1,0
BRDA:97,14,0,0
BRDA:101,15,0,0
BRDA:104,16,0,0
BRDA:104,16,1,0
BRDA:114,17,0,0
BRDA:119,18,0,0
BRDA:123,19,0,0
BRDA:123,19,1,0
BRDA:124,20,0,0
BRDA:124,20,1,0
BRDA:144,21,0,0
BRDA:149,22,0,0
BRDA:152,23,0,0
BRDA:152,23,1,0
BRDA:154,24,0,0
BRDA:154,24,1,0
BRDA:155,25,0,0
BRDA:155,25,1,0
BRDA:161,26,0,0
BRDA:161,26,1,0
BRDA:176,27,0,0
BRDA:181,28,0,0
BRDA:184,29,0,0
BRDA:184,29,1,0
BRDA:186,30,0,0
BRDA:186,30,1,0
BRDA:187,31,0,0
BRDA:187,31,1,0
BRDA:193,32,0,0
BRDA:193,32,1,0
BRDA:212,33,0,0
BRDA:212,33,1,0
BRDA:228,34,0,0
BRDA:228,34,1,0
BRDA:244,35,0,0
BRDA:244,35,1,0
BRF:57
BRH:0
end_of_record
TN:
SF:src/types/express.d.ts
FNF:0
FNH:0
LF:0
LH:0
BRF:0
BRH:0
end_of_record
TN:
SF:src/users/users.controller.ts
FN:13,(anonymous_4)
FN:16,(anonymous_5)
FN:21,(anonymous_6)
FN:26,(anonymous_7)
FN:31,(anonymous_8)
FNF:5
FNH:0
FNDA:0,(anonymous_4)
FNDA:0,(anonymous_5)
FNDA:0,(anonymous_6)
FNDA:0,(anonymous_7)
FNDA:0,(anonymous_8)
DA:1,0
DA:2,0
DA:3,0
DA:4,0
DA:5,0
DA:6,0
DA:12,0
DA:13,0
DA:16,0
DA:17,0
DA:21,0
DA:22,0
DA:26,0
DA:27,0
DA:31,0
DA:32,0
LF:16
LH:0
BRF:0
BRH:0
end_of_record
TN:
SF:src/users/users.service.ts
FN:9,(anonymous_2)
FN:11,(anonymous_3)
FN:18,(anonymous_4)
FN:29,(anonymous_5)
FN:46,(anonymous_6)
FNF:5
FNH:0
FNDA:0,(anonymous_2)
FNDA:0,(anonymous_3)
FNDA:0,(anonymous_4)
FNDA:0,(anonymous_5)
FNDA:0,(anonymous_6)
DA:1,0
DA:2,0
DA:3,0
DA:8,0
DA:9,0
DA:12,0
DA:19,0
DA:20,0
DA:21,0
DA:22,0
DA:26,0
DA:30,0
DA:31,0
DA:32,0
DA:33,0
DA:34,0
DA:36,0
DA:37,0
DA:38,0
DA:39,0
DA:47,0
DA:48,0
DA:49,0
LF:23
LH:0
BRDA:20,0,0,0
BRDA:31,1,0,0
BRDA:32,2,0,0
BRDA:32,3,0,0
BRDA:32,3,1,0
BRDA:34,4,0,0
BRDA:37,5,0,0
BRDA:38,6,0,0
BRDA:48,7,0,0
BRF:9
BRH:0
end_of_record
TN:
SF:src/users/dto/create-user.dto.ts
FNF:0
FNH:0
DA:1,0
DA:3,0
DA:5,0
DA:9,0
LF:4
LH:0
BRF:0
BRH:0
end_of_record
TN:
SF:src/users/dto/update-user.dto.ts
FNF:0
FNH:0
DA:1,0
DA:3,0
DA:6,0
DA:11,0
LF:4
LH:0
BRF:0
BRH:0
end_of_record
